<?xml version="1.0" encoding="utf-8"?>
<shfbBuild product="Sandcastle Help File Builder" version="2014.2.15.0 Beta" projectFile="E:\Tinkr\Tinkr2\4.2\TinkrApiDoc\TinkrApiDoc.shfbproj" started="17.03.2014 16:13:18">
<buildStep step="Initializing">
Finding tools...
The Sandcastle tools are located in &#39;C:\Program Files (x86)\EWSoftware\Sandcastle Help File Builder\&#39;
Searching for HTML Help 1 compiler...
Found HTML Help 1 compiler in &#39;C:\Program Files (x86)\HTML Help Workshop\&#39;
Locating components...
Using presentation style &#39;VS2010&#39; located in &#39;C:\Program Files (x86)\EWSoftware\Sandcastle Help File Builder\PresentationStyles\VS2010&#39;
Loading and initializing plug-ins...
Assembly Binding Redirection Version 2014.2.15.0 Beta
Copyright &#169; 2006-2014, Eric Woodruff, All Rights Reserved
</buildStep>
<buildStep step="ValidatingDocumentationSources">
Validating and copying documentation source information
Source: E:\Tinkr\Tinkr2\4.2\AphelionCore\AphelionCore\AphelionCore.csproj
    Found project &#39;E:\Tinkr\Tinkr2\4.2\AphelionCore\AphelionCore\AphelionCore.csproj&#39;

Parsing project files
    Found assembly &#39;E:\Tinkr\Tinkr2\4.2\AphelionCore\AphelionCore\bin\Release\Skewworks.NETMF.Core.dll&#39;

References to include (excluding framework assemblies):
    None

Copying XML comments files
    E:\Tinkr\Tinkr2\4.2\AphelionCore\AphelionCore\bin\Release\Skewworks.NETMF.Core.XML -&gt; E:\Tinkr\Tinkr2\4.2\TinkrApiDoc\Help\Working\Skewworks.NETMF.Core.XML
</buildStep>
<buildStep step="GenerateSharedContent">
Generating shared content files (en-US, English (United States))...
    Last step completed in 00:00:00.0070
</buildStep>
<buildStep step="GenerateApiFilter">
Generating API filter for MRefBuilder...
    Last step completed in 00:00:00.0070
</buildStep>
<buildStep step="GenerateReflectionInfo">
Generating reflection information...
<plugIn name="Assembly Binding Redirection" behavior="Before" priority="1000">
Adding ignored assembly names to assembly resolver configuration:
    BusinessObjects.Licensing.KeycodeDecoder
    MFDpwsClient
    MFDpwsDevice
    MFDpwsExtensions
    MFUpdate
    MFWsStack
    Microsoft.SPOT.Graphics
    Microsoft.SPOT.Hardware
    Microsoft.SPOT.Hardware.OneWire
    Microsoft.SPOT.Hardware.PWM
    Microsoft.SPOT.Hardware.SerialPort
    Microsoft.SPOT.Hardware.Usb
    Microsoft.SPOT.Ink
    Microsoft.SPOT.IO
    Microsoft.SPOT.Native
    Microsoft.SPOT.Net
    Microsoft.SPOT.Net.Security
    Microsoft.SPOT.RPC
    Microsoft.SPOT.Security.PKCS11
    Microsoft.SPOT.Time
    Microsoft.SPOT.TinyCore
    Microsoft.SPOT.Touch
    Microsoft.SPOT.Update
    Microsoft.VisualBasic
    mscorlib
    System
    System.Ftp
    System.Http
    System.IO
    System.Net.Security
    System.Security
    System.Text.RegularExpressions
    System.Xml
    System.Xml.Legacy
</plugIn>[C:\Windows\Microsoft.NET\Framework\v4.0.30319\MSBuild.exe]
Der Buildvorgang wurde am 17.03.2014 16:13:20 gestartet.
Projekt &quot;E:\Tinkr\Tinkr2\4.2\TinkrApiDoc\Help\Working\GenerateRefInfo.proj&quot; auf Knoten &quot;1&quot; (Standardziele).
PrepareForBuild:
  Das Verzeichnis &quot;obj\Debug\&quot; wird erstellt.
GenerateRefInfo:
  MRefBuilder (v2014.1.26.0)
  Copyright &#184; 2006-2014, Microsoft Corporation, All Rights Reserved.
  Portions Copyright &#184; 2006-2014, Eric Woodruff, All Rights Reserved.
  Loaded 1 assemblies for reflection and 0 dependency assemblies.
MRefBuilder : warning : Ignoring unresolved assembly reference: Microsoft.SPOT.Native (Microsoft.SPOT.Native, Version=4.2.0.0, Culture=neutral, PublicKeyToken=null) required by Skewworks.NETMF.Core [E:\Tinkr\Tinkr2\4.2\TinkrApiDoc\Help\Working\GenerateRefInfo.proj]
MRefBuilder : warning : Ignoring unresolved assembly reference: Microsoft.SPOT.Graphics (Microsoft.SPOT.Graphics, Version=4.2.0.0, Culture=neutral, PublicKeyToken=null) required by Skewworks.NETMF.Core [E:\Tinkr\Tinkr2\4.2\TinkrApiDoc\Help\Working\GenerateRefInfo.proj]
  Wrote information on 4 namespaces, 63 types, and 475 members
  Die Datei wird von &quot;reflection.org&quot; in &quot;reflection.all&quot; kopiert.
  XslTransform (v2014.1.26.0)
  Copyright &#184; 2006-2014, Microsoft Corporation, All Rights Reserved.
  Portions Copyright &#184; 2006-2014, Eric Woodruff, All Rights Reserved.
  Applying XSL transformation &#39;C:\Program Files (x86)\EWSoftware\Sandcastle Help File Builder\ProductionTransforms\MergeDuplicates.xsl&#39;.
Die Erstellung von Projekt &quot;E:\Tinkr\Tinkr2\4.2\TinkrApiDoc\Help\Working\GenerateRefInfo.proj&quot; ist abgeschlossen (Standardziele).

Der Buildvorgang wurde erfolgreich ausgefhrt.

Verstrichene Zeit 00:00:00.53
    Last step completed in 00:00:00.6360
</buildStep>
<buildStep step="TransformReflectionInfo">
Transforming reflection output...
[C:\Windows\Microsoft.NET\Framework\v4.0.30319\MSBuild.exe]
Der Buildvorgang wurde am 17.03.2014 16:13:21 gestartet.
Projekt &quot;E:\Tinkr\Tinkr2\4.2\TinkrApiDoc\Help\Working\TransformManifest.proj&quot; auf Knoten &quot;1&quot; (Standardziele).
TransformManifest:
  XslTransform (v2014.1.26.0)
  Copyright &#184; 2006-2014, Microsoft Corporation, All Rights Reserved.
  Portions Copyright &#184; 2006-2014, Eric Woodruff, All Rights Reserved.
  Applying XSL transformation &#39;C:\Program Files (x86)\EWSoftware\Sandcastle Help File Builder\\ProductionTransforms\ApplyVSDocModel.xsl&#39;.
  Die Datei wird von &quot;reflection.xml&quot; in &quot;reflection.nofilenames&quot; kopiert.
  XslTransform (v2014.1.26.0)
  Copyright &#184; 2006-2014, Microsoft Corporation, All Rights Reserved.
  Portions Copyright &#184; 2006-2014, Eric Woodruff, All Rights Reserved.
  Applying XSL transformation &#39;C:\Program Files (x86)\EWSoftware\Sandcastle Help File Builder\ProductionTransforms\AddFilenames.xsl&#39;.
  XslTransform (v2014.1.26.0)
  Copyright &#184; 2006-2014, Microsoft Corporation, All Rights Reserved.
  Portions Copyright &#184; 2006-2014, Eric Woodruff, All Rights Reserved.
  Applying XSL transformation &#39;C:\Program Files (x86)\EWSoftware\Sandcastle Help File Builder\ProductionTransforms\ReflectionToManifest.xsl&#39;.
Die Erstellung von Projekt &quot;E:\Tinkr\Tinkr2\4.2\TinkrApiDoc\Help\Working\TransformManifest.proj&quot; ist abgeschlossen (Standardziele).

Der Buildvorgang wurde erfolgreich ausgefhrt.

Verstrichene Zeit 00:00:00.59
    Last step completed in 00:00:00.6950
</buildStep>
<buildStep step="GenerateNamespaceSummaries">
Generating namespace summary information...
    Last step completed in 00:00:00.8931
</buildStep>
<buildStep step="CopyConceptualContent">
Copying conceptual content...
Copying standard token shared content file...
Checking for other token files...
Checking for code snippets files...
Copying images and creating the media map file...
Generating conceptual topic files
    Parsing topic file &#39;E:\Tinkr\Tinkr2\4.2\TinkrApiDoc\Content\Welcome.aml&#39;
    E:\Tinkr\Tinkr2\4.2\TinkrApiDoc\Content\Welcome.aml -&gt; E:\Tinkr\Tinkr2\4.2\TinkrApiDoc\Help\Working\ddueXml\2065989a-9306-4064-a270-4d71f243dd71.xml
    Parsing topic file &#39;E:\Tinkr\Tinkr2\4.2\TinkrApiDoc\Content\VersionHistory\VersionHistory.aml&#39;
    E:\Tinkr\Tinkr2\4.2\TinkrApiDoc\Content\VersionHistory\VersionHistory.aml -&gt; E:\Tinkr\Tinkr2\4.2\TinkrApiDoc\Help\Working\ddueXml\433ff75c-7273-4c8c-90c4-e8000b44190e.xml
    Parsing topic file &#39;E:\Tinkr\Tinkr2\4.2\TinkrApiDoc\Content\VersionHistory\v2.5.0.0.aml&#39;
    E:\Tinkr\Tinkr2\4.2\TinkrApiDoc\Content\VersionHistory\v2.5.0.0.aml -&gt; E:\Tinkr\Tinkr2\4.2\TinkrApiDoc\Help\Working\ddueXml\80273748-d55b-4d55-81b0-0a1629d9ca95.xml
    Last step completed in 00:00:00.0350
</buildStep>
<buildStep step="CreateConceptualTopicConfigs">
Creating conceptual topic configuration files...
    Companion files
    _ContentMetadata_.xml
    ConceptualManifest.xml
    Last step completed in 00:00:00.0090
</buildStep>
<buildStep step="CopyAdditionalContent">
Copying additional content files...
E:\Tinkr\Tinkr2\4.2\TinkrApiDoc\icons\Help.png -&gt; E:\Tinkr\Tinkr2\4.2\TinkrApiDoc\Help\Working\Output\HtmlHelp1\icons\Help.png
E:\Tinkr\Tinkr2\4.2\TinkrApiDoc\icons\Help.png -&gt; E:\Tinkr\Tinkr2\4.2\TinkrApiDoc\Help\Working\Output\Website\icons\Help.png
    Last step completed in 00:00:00.0050
</buildStep>
<buildStep step="MergeTablesOfContents">
Merging conceptual and additional tables of contents...
    Last step completed in 00:00:00.0000
</buildStep>
<buildStep step="GenerateIntermediateTableOfContents">
Generating intermediate table of contents file...
[C:\Windows\Microsoft.NET\Framework\v4.0.30319\MSBuild.exe]
Der Buildvorgang wurde am 17.03.2014 16:13:22 gestartet.
Projekt &quot;E:\Tinkr\Tinkr2\4.2\TinkrApiDoc\Help\Working\GenerateIntermediateTOC.proj&quot; auf Knoten &quot;1&quot; (Standardziele).
GenerateIntermediateTOC:
  XslTransform (v2014.1.26.0)
  Copyright &#184; 2006-2014, Microsoft Corporation, All Rights Reserved.
  Portions Copyright &#184; 2006-2014, Eric Woodruff, All Rights Reserved.
  Applying XSL transformation &#39;C:\Program Files (x86)\EWSoftware\Sandcastle Help File Builder\\ProductionTransforms\CreateVSToc.xsl&#39;.
Die Erstellung von Projekt &quot;E:\Tinkr\Tinkr2\4.2\TinkrApiDoc\Help\Working\GenerateIntermediateTOC.proj&quot; ist abgeschlossen (Standardziele).

Der Buildvorgang wurde erfolgreich ausgefhrt.

Verstrichene Zeit 00:00:00.11
Generating conceptual content intermediate TOC file...
    Last step completed in 00:00:00.2020
</buildStep>
<buildStep step="CreateBuildAssemblerConfigs">
Creating Sandcastle configuration files...
    sandcastle.config
    conceptual.config
    Last step completed in 00:00:00.0760
</buildStep>
<buildStep step="MergeCustomConfigs">
Merging custom build component configurations
E:\Tinkr\Tinkr2\4.2\TinkrApiDoc\Help\Working\sandcastle.config
E:\Tinkr\Tinkr2\4.2\TinkrApiDoc\Help\Working\conceptual.config
    Removing unused ExampleComponent.
    Last step completed in 00:00:00.8721
</buildStep>
<buildStep step="BuildConceptualTopics">
Building conceptual help topics...
[C:\Windows\Microsoft.NET\Framework\v4.0.30319\MSBuild.exe]
Der Buildvorgang wurde am 17.03.2014 16:13:23 gestartet.
Projekt &quot;E:\Tinkr\Tinkr2\4.2\TinkrApiDoc\Help\Working\BuildConceptualTopics.proj&quot; auf Knoten &quot;1&quot; (Standardziele).
BuildConceptualTopics:
  BuildAssembler (v2014.1.26.0)
  Copyright &#184; 2006-2014, Microsoft Corporation, All Rights Reserved.
  Portions Copyright &#184; 2006-2014, Eric Woodruff, All Rights Reserved.
  Loading configuration...
  Processing topics...
  Processed 3 topic(s)
  CopyFromIndexComponent: &quot;metadata&quot; in-memory cache entries used: 1 of 15.
Die Erstellung von Projekt &quot;E:\Tinkr\Tinkr2\4.2\TinkrApiDoc\Help\Working\BuildConceptualTopics.proj&quot; ist abgeschlossen (Standardziele).

Der Buildvorgang wurde erfolgreich ausgefhrt.

Verstrichene Zeit 00:00:02.16
    Last step completed in 00:00:03.1112
</buildStep>
<buildStep step="BuildReferenceTopics">
Building reference help topics...
[C:\Windows\Microsoft.NET\Framework\v4.0.30319\MSBuild.exe]
Der Buildvorgang wurde am 17.03.2014 16:13:26 gestartet.
Projekt &quot;E:\Tinkr\Tinkr2\4.2\TinkrApiDoc\Help\Working\BuildReferenceTopics.proj&quot; auf Knoten &quot;1&quot; (Standardziele).
BuildReferenceTopics:
  BuildAssembler (v2014.1.26.0)
  Copyright &#184; 2006-2014, Microsoft Corporation, All Rights Reserved.
  Portions Copyright &#184; 2006-2014, Eric Woodruff, All Rights Reserved.
  Loading configuration...
  Processing topics...
BuildAssembler : warning : ResolveReferenceLinksComponent: [P:Skewworks.NETMF.CalibrationConfiguration.BackgroundGradientBottom] Unknown reference link target &#39;T:Microsoft.SPOT.Presentation.Media.Color&#39;. [E:\Tinkr\Tinkr2\4.2\TinkrApiDoc\Help\Working\BuildReferenceTopics.proj]
BuildAssembler : warning : ResolveReferenceLinksComponent: [P:Skewworks.NETMF.CalibrationConfiguration.BackgroundGradientBottom] Unknown reference link target &#39;T:Microsoft.SPOT.Presentation.Media.Color&#39;. [E:\Tinkr\Tinkr2\4.2\TinkrApiDoc\Help\Working\BuildReferenceTopics.proj]
BuildAssembler : warning : ResolveReferenceLinksComponent: [P:Skewworks.NETMF.CalibrationConfiguration.BackgroundGradientTop] Unknown reference link target &#39;T:Microsoft.SPOT.Presentation.Media.Color&#39;. [E:\Tinkr\Tinkr2\4.2\TinkrApiDoc\Help\Working\BuildReferenceTopics.proj]
BuildAssembler : warning : ResolveReferenceLinksComponent: [P:Skewworks.NETMF.CalibrationConfiguration.BackgroundGradientTop] Unknown reference link target &#39;T:Microsoft.SPOT.Presentation.Media.Color&#39;. [E:\Tinkr\Tinkr2\4.2\TinkrApiDoc\Help\Working\BuildReferenceTopics.proj]
BuildAssembler : warning : ResolveReferenceLinksComponent: [P:Skewworks.NETMF.CalibrationConfiguration.CrossHairColor] Unknown reference link target &#39;T:Microsoft.SPOT.Presentation.Media.Color&#39;. [E:\Tinkr\Tinkr2\4.2\TinkrApiDoc\Help\Working\BuildReferenceTopics.proj]
BuildAssembler : warning : ResolveReferenceLinksComponent: [P:Skewworks.NETMF.CalibrationConfiguration.CrossHairColor] Unknown reference link target &#39;T:Microsoft.SPOT.Presentation.Media.Color&#39;. [E:\Tinkr\Tinkr2\4.2\TinkrApiDoc\Help\Working\BuildReferenceTopics.proj]
BuildAssembler : warning : ResolveReferenceLinksComponent: [P:Skewworks.NETMF.CalibrationConfiguration.Font] Unknown reference link target &#39;T:Microsoft.SPOT.Font&#39;. [E:\Tinkr\Tinkr2\4.2\TinkrApiDoc\Help\Working\BuildReferenceTopics.proj]
BuildAssembler : warning : ResolveReferenceLinksComponent: [P:Skewworks.NETMF.CalibrationConfiguration.Font] Unknown reference link target &#39;T:Microsoft.SPOT.Font&#39;. [E:\Tinkr\Tinkr2\4.2\TinkrApiDoc\Help\Working\BuildReferenceTopics.proj]
BuildAssembler : warning : ResolveReferenceLinksComponent: [P:Skewworks.NETMF.CalibrationConfiguration.ForeColor] Unknown reference link target &#39;T:Microsoft.SPOT.Presentation.Media.Color&#39;. [E:\Tinkr\Tinkr2\4.2\TinkrApiDoc\Help\Working\BuildReferenceTopics.proj]
BuildAssembler : warning : ResolveReferenceLinksComponent: [P:Skewworks.NETMF.CalibrationConfiguration.ForeColor] Unknown reference link target &#39;T:Microsoft.SPOT.Presentation.Media.Color&#39;. [E:\Tinkr\Tinkr2\4.2\TinkrApiDoc\Help\Working\BuildReferenceTopics.proj]
BuildAssembler : warning : ResolveReferenceLinksComponent: [F:Skewworks.NETMF.Colors.Black] Unknown reference link target &#39;T:Microsoft.SPOT.Presentation.Media.Color&#39;. [E:\Tinkr\Tinkr2\4.2\TinkrApiDoc\Help\Working\BuildReferenceTopics.proj]
BuildAssembler : warning : ResolveReferenceLinksComponent: [F:Skewworks.NETMF.Colors.Black] Unknown reference link target &#39;T:Microsoft.SPOT.Presentation.Media.Color&#39;. [E:\Tinkr\Tinkr2\4.2\TinkrApiDoc\Help\Working\BuildReferenceTopics.proj]
BuildAssembler : warning : ResolveReferenceLinksComponent: [F:Skewworks.NETMF.Colors.Blue] Unknown reference link target &#39;T:Microsoft.SPOT.Presentation.Media.Color&#39;. [E:\Tinkr\Tinkr2\4.2\TinkrApiDoc\Help\Working\BuildReferenceTopics.proj]
BuildAssembler : warning : ResolveReferenceLinksComponent: [F:Skewworks.NETMF.Colors.Blue] Unknown reference link target &#39;T:Microsoft.SPOT.Presentation.Media.Color&#39;. [E:\Tinkr\Tinkr2\4.2\TinkrApiDoc\Help\Working\BuildReferenceTopics.proj]
BuildAssembler : warning : ResolveReferenceLinksComponent: [F:Skewworks.NETMF.Colors.Brown] Unknown reference link target &#39;T:Microsoft.SPOT.Presentation.Media.Color&#39;. [E:\Tinkr\Tinkr2\4.2\TinkrApiDoc\Help\Working\BuildReferenceTopics.proj]
BuildAssembler : warning : ResolveReferenceLinksComponent: [F:Skewworks.NETMF.Colors.Brown] Unknown reference link target &#39;T:Microsoft.SPOT.Presentation.Media.Color&#39;. [E:\Tinkr\Tinkr2\4.2\TinkrApiDoc\Help\Working\BuildReferenceTopics.proj]
BuildAssembler : warning : ResolveReferenceLinksComponent: [F:Skewworks.NETMF.Colors.Charcoal] Unknown reference link target &#39;T:Microsoft.SPOT.Presentation.Media.Color&#39;. [E:\Tinkr\Tinkr2\4.2\TinkrApiDoc\Help\Working\BuildReferenceTopics.proj]
BuildAssembler : warning : ResolveReferenceLinksComponent: [F:Skewworks.NETMF.Colors.Charcoal] Unknown reference link target &#39;T:Microsoft.SPOT.Presentation.Media.Color&#39;. [E:\Tinkr\Tinkr2\4.2\TinkrApiDoc\Help\Working\BuildReferenceTopics.proj]
BuildAssembler : warning : ResolveReferenceLinksComponent: [F:Skewworks.NETMF.Colors.CharcoalDust] Unknown reference link target &#39;T:Microsoft.SPOT.Presentation.Media.Color&#39;. [E:\Tinkr\Tinkr2\4.2\TinkrApiDoc\Help\Working\BuildReferenceTopics.proj]
BuildAssembler : warning : ResolveReferenceLinksComponent: [F:Skewworks.NETMF.Colors.CharcoalDust] Unknown reference link target &#39;T:Microsoft.SPOT.Presentation.Media.Color&#39;. [E:\Tinkr\Tinkr2\4.2\TinkrApiDoc\Help\Working\BuildReferenceTopics.proj]
BuildAssembler : warning : ResolveReferenceLinksComponent: [F:Skewworks.NETMF.Colors.Cyan] Unknown reference link target &#39;T:Microsoft.SPOT.Presentation.Media.Color&#39;. [E:\Tinkr\Tinkr2\4.2\TinkrApiDoc\Help\Working\BuildReferenceTopics.proj]
BuildAssembler : warning : ResolveReferenceLinksComponent: [F:Skewworks.NETMF.Colors.Cyan] Unknown reference link target &#39;T:Microsoft.SPOT.Presentation.Media.Color&#39;. [E:\Tinkr\Tinkr2\4.2\TinkrApiDoc\Help\Working\BuildReferenceTopics.proj]
BuildAssembler : warning : ResolveReferenceLinksComponent: [F:Skewworks.NETMF.Colors.DarkGray] Unknown reference link target &#39;T:Microsoft.SPOT.Presentation.Media.Color&#39;. [E:\Tinkr\Tinkr2\4.2\TinkrApiDoc\Help\Working\BuildReferenceTopics.proj]
BuildAssembler : warning : ResolveReferenceLinksComponent: [F:Skewworks.NETMF.Colors.DarkGray] Unknown reference link target &#39;T:Microsoft.SPOT.Presentation.Media.Color&#39;. [E:\Tinkr\Tinkr2\4.2\TinkrApiDoc\Help\Working\BuildReferenceTopics.proj]
BuildAssembler : warning : ResolveReferenceLinksComponent: [F:Skewworks.NETMF.Colors.DarkRed] Unknown reference link target &#39;T:Microsoft.SPOT.Presentation.Media.Color&#39;. [E:\Tinkr\Tinkr2\4.2\TinkrApiDoc\Help\Working\BuildReferenceTopics.proj]
BuildAssembler : warning : ResolveReferenceLinksComponent: [F:Skewworks.NETMF.Colors.DarkRed] Unknown reference link target &#39;T:Microsoft.SPOT.Presentation.Media.Color&#39;. [E:\Tinkr\Tinkr2\4.2\TinkrApiDoc\Help\Working\BuildReferenceTopics.proj]
BuildAssembler : warning : ResolveReferenceLinksComponent: [M:Skewworks.NETMF.Colors.FromString(System.String)] Unknown reference link target &#39;T:Microsoft.SPOT.Presentation.Media.Color&#39;. [E:\Tinkr\Tinkr2\4.2\TinkrApiDoc\Help\Working\BuildReferenceTopics.proj]
BuildAssembler : warning : ResolveReferenceLinksComponent: [M:Skewworks.NETMF.Colors.FromString(System.String)] Unknown reference link target &#39;T:Microsoft.SPOT.Presentation.Media.Color&#39;. [E:\Tinkr\Tinkr2\4.2\TinkrApiDoc\Help\Working\BuildReferenceTopics.proj]
BuildAssembler : warning : ShowMissingComponent: [M:Skewworks.NETMF.Colors.FromValue(System.Int64)] Missing &lt;returns&gt; documentation [E:\Tinkr\Tinkr2\4.2\TinkrApiDoc\Help\Working\BuildReferenceTopics.proj]
BuildAssembler : warning : ShowMissingComponent: [M:Skewworks.NETMF.Colors.FromValue(System.Int64)] Missing &lt;param name=&quot;colVal&quot;/&gt; documentation [E:\Tinkr\Tinkr2\4.2\TinkrApiDoc\Help\Working\BuildReferenceTopics.proj]
BuildAssembler : warning : ResolveReferenceLinksComponent: [M:Skewworks.NETMF.Colors.FromValue(System.Int64)] Unknown reference link target &#39;T:Microsoft.SPOT.Presentation.Media.Color&#39;. [E:\Tinkr\Tinkr2\4.2\TinkrApiDoc\Help\Working\BuildReferenceTopics.proj]
BuildAssembler : warning : ResolveReferenceLinksComponent: [M:Skewworks.NETMF.Colors.FromValue(System.Int64)] Unknown reference link target &#39;T:Microsoft.SPOT.Presentation.Media.Color&#39;. [E:\Tinkr\Tinkr2\4.2\TinkrApiDoc\Help\Working\BuildReferenceTopics.proj]
BuildAssembler : warning : ShowMissingComponent: [M:Skewworks.NETMF.Colors.FromValue(System.String)] Missing &lt;returns&gt; documentation [E:\Tinkr\Tinkr2\4.2\TinkrApiDoc\Help\Working\BuildReferenceTopics.proj]
BuildAssembler : warning : ShowMissingComponent: [M:Skewworks.NETMF.Colors.FromValue(System.String)] Missing &lt;param name=&quot;colVal&quot;/&gt; documentation [E:\Tinkr\Tinkr2\4.2\TinkrApiDoc\Help\Working\BuildReferenceTopics.proj]
BuildAssembler : warning : ResolveReferenceLinksComponent: [M:Skewworks.NETMF.Colors.FromValue(System.String)] Unknown reference link target &#39;T:Microsoft.SPOT.Presentation.Media.Color&#39;. [E:\Tinkr\Tinkr2\4.2\TinkrApiDoc\Help\Working\BuildReferenceTopics.proj]
BuildAssembler : warning : ResolveReferenceLinksComponent: [M:Skewworks.NETMF.Colors.FromValue(System.String)] Unknown reference link target &#39;T:Microsoft.SPOT.Presentation.Media.Color&#39;. [E:\Tinkr\Tinkr2\4.2\TinkrApiDoc\Help\Working\BuildReferenceTopics.proj]
BuildAssembler : warning : ResolveReferenceLinksComponent: [F:Skewworks.NETMF.Colors.Ghost] Unknown reference link target &#39;T:Microsoft.SPOT.Presentation.Media.Color&#39;. [E:\Tinkr\Tinkr2\4.2\TinkrApiDoc\Help\Working\BuildReferenceTopics.proj]
BuildAssembler : warning : ResolveReferenceLinksComponent: [F:Skewworks.NETMF.Colors.Ghost] Unknown reference link target &#39;T:Microsoft.SPOT.Presentation.Media.Color&#39;. [E:\Tinkr\Tinkr2\4.2\TinkrApiDoc\Help\Working\BuildReferenceTopics.proj]
BuildAssembler : warning : ResolveReferenceLinksComponent: [F:Skewworks.NETMF.Colors.Gray] Unknown reference link target &#39;T:Microsoft.SPOT.Presentation.Media.Color&#39;. [E:\Tinkr\Tinkr2\4.2\TinkrApiDoc\Help\Working\BuildReferenceTopics.proj]
BuildAssembler : warning : ResolveReferenceLinksComponent: [F:Skewworks.NETMF.Colors.Gray] Unknown reference link target &#39;T:Microsoft.SPOT.Presentation.Media.Color&#39;. [E:\Tinkr\Tinkr2\4.2\TinkrApiDoc\Help\Working\BuildReferenceTopics.proj]
BuildAssembler : warning : ResolveReferenceLinksComponent: [F:Skewworks.NETMF.Colors.Green] Unknown reference link target &#39;T:Microsoft.SPOT.Presentation.Media.Color&#39;. [E:\Tinkr\Tinkr2\4.2\TinkrApiDoc\Help\Working\BuildReferenceTopics.proj]
BuildAssembler : warning : ResolveReferenceLinksComponent: [F:Skewworks.NETMF.Colors.Green] Unknown reference link target &#39;T:Microsoft.SPOT.Presentation.Media.Color&#39;. [E:\Tinkr\Tinkr2\4.2\TinkrApiDoc\Help\Working\BuildReferenceTopics.proj]
BuildAssembler : warning : ResolveReferenceLinksComponent: [F:Skewworks.NETMF.Colors.LightBlue] Unknown reference link target &#39;T:Microsoft.SPOT.Presentation.Media.Color&#39;. [E:\Tinkr\Tinkr2\4.2\TinkrApiDoc\Help\Working\BuildReferenceTopics.proj]
BuildAssembler : warning : ResolveReferenceLinksComponent: [F:Skewworks.NETMF.Colors.LightBlue] Unknown reference link target &#39;T:Microsoft.SPOT.Presentation.Media.Color&#39;. [E:\Tinkr\Tinkr2\4.2\TinkrApiDoc\Help\Working\BuildReferenceTopics.proj]
BuildAssembler : warning : ResolveReferenceLinksComponent: [F:Skewworks.NETMF.Colors.LightGray] Unknown reference link target &#39;T:Microsoft.SPOT.Presentation.Media.Color&#39;. [E:\Tinkr\Tinkr2\4.2\TinkrApiDoc\Help\Working\BuildReferenceTopics.proj]
BuildAssembler : warning : ResolveReferenceLinksComponent: [F:Skewworks.NETMF.Colors.LightGray] Unknown reference link target &#39;T:Microsoft.SPOT.Presentation.Media.Color&#39;. [E:\Tinkr\Tinkr2\4.2\TinkrApiDoc\Help\Working\BuildReferenceTopics.proj]
BuildAssembler : warning : ResolveReferenceLinksComponent: [F:Skewworks.NETMF.Colors.Magenta] Unknown reference link target &#39;T:Microsoft.SPOT.Presentation.Media.Color&#39;. [E:\Tinkr\Tinkr2\4.2\TinkrApiDoc\Help\Working\BuildReferenceTopics.proj]
BuildAssembler : warning : ResolveReferenceLinksComponent: [F:Skewworks.NETMF.Colors.Magenta] Unknown reference link target &#39;T:Microsoft.SPOT.Presentation.Media.Color&#39;. [E:\Tinkr\Tinkr2\4.2\TinkrApiDoc\Help\Working\BuildReferenceTopics.proj]
BuildAssembler : warning : ResolveReferenceLinksComponent: [F:Skewworks.NETMF.Colors.Orange] Unknown reference link target &#39;T:Microsoft.SPOT.Presentation.Media.Color&#39;. [E:\Tinkr\Tinkr2\4.2\TinkrApiDoc\Help\Working\BuildReferenceTopics.proj]
BuildAssembler : warning : ResolveReferenceLinksComponent: [F:Skewworks.NETMF.Colors.Orange] Unknown reference link target &#39;T:Microsoft.SPOT.Presentation.Media.Color&#39;. [E:\Tinkr\Tinkr2\4.2\TinkrApiDoc\Help\Working\BuildReferenceTopics.proj]
BuildAssembler : warning : ResolveReferenceLinksComponent: [F:Skewworks.NETMF.Colors.Purple] Unknown reference link target &#39;T:Microsoft.SPOT.Presentation.Media.Color&#39;. [E:\Tinkr\Tinkr2\4.2\TinkrApiDoc\Help\Working\BuildReferenceTopics.proj]
BuildAssembler : warning : ResolveReferenceLinksComponent: [F:Skewworks.NETMF.Colors.Purple] Unknown reference link target &#39;T:Microsoft.SPOT.Presentation.Media.Color&#39;. [E:\Tinkr\Tinkr2\4.2\TinkrApiDoc\Help\Working\BuildReferenceTopics.proj]
BuildAssembler : warning : ResolveReferenceLinksComponent: [F:Skewworks.NETMF.Colors.Red] Unknown reference link target &#39;T:Microsoft.SPOT.Presentation.Media.Color&#39;. [E:\Tinkr\Tinkr2\4.2\TinkrApiDoc\Help\Working\BuildReferenceTopics.proj]
BuildAssembler : warning : ResolveReferenceLinksComponent: [F:Skewworks.NETMF.Colors.Red] Unknown reference link target &#39;T:Microsoft.SPOT.Presentation.Media.Color&#39;. [E:\Tinkr\Tinkr2\4.2\TinkrApiDoc\Help\Working\BuildReferenceTopics.proj]
BuildAssembler : warning : ResolveReferenceLinksComponent: [F:Skewworks.NETMF.Colors.Wheat] Unknown reference link target &#39;T:Microsoft.SPOT.Presentation.Media.Color&#39;. [E:\Tinkr\Tinkr2\4.2\TinkrApiDoc\Help\Working\BuildReferenceTopics.proj]
BuildAssembler : warning : ResolveReferenceLinksComponent: [F:Skewworks.NETMF.Colors.Wheat] Unknown reference link target &#39;T:Microsoft.SPOT.Presentation.Media.Color&#39;. [E:\Tinkr\Tinkr2\4.2\TinkrApiDoc\Help\Working\BuildReferenceTopics.proj]
BuildAssembler : warning : ResolveReferenceLinksComponent: [F:Skewworks.NETMF.Colors.White] Unknown reference link target &#39;T:Microsoft.SPOT.Presentation.Media.Color&#39;. [E:\Tinkr\Tinkr2\4.2\TinkrApiDoc\Help\Working\BuildReferenceTopics.proj]
BuildAssembler : warning : ResolveReferenceLinksComponent: [F:Skewworks.NETMF.Colors.White] Unknown reference link target &#39;T:Microsoft.SPOT.Presentation.Media.Color&#39;. [E:\Tinkr\Tinkr2\4.2\TinkrApiDoc\Help\Working\BuildReferenceTopics.proj]
BuildAssembler : warning : ResolveReferenceLinksComponent: [F:Skewworks.NETMF.Colors.Yellow] Unknown reference link target &#39;T:Microsoft.SPOT.Presentation.Media.Color&#39;. [E:\Tinkr\Tinkr2\4.2\TinkrApiDoc\Help\Working\BuildReferenceTopics.proj]
BuildAssembler : warning : ResolveReferenceLinksComponent: [F:Skewworks.NETMF.Colors.Yellow] Unknown reference link target &#39;T:Microsoft.SPOT.Presentation.Media.Color&#39;. [E:\Tinkr\Tinkr2\4.2\TinkrApiDoc\Help\Working\BuildReferenceTopics.proj]
BuildAssembler : warning : ResolveReferenceLinksComponent: [M:Skewworks.NETMF.Core.ImageFromBytes(System.Byte[])] Unknown reference link target &#39;T:Microsoft.SPOT.Bitmap&#39;. [E:\Tinkr\Tinkr2\4.2\TinkrApiDoc\Help\Working\BuildReferenceTopics.proj]
BuildAssembler : warning : ResolveReferenceLinksComponent: [M:Skewworks.NETMF.Core.ImageFromBytes(System.Byte[])] Unknown reference link target &#39;T:Microsoft.SPOT.Bitmap&#39;. [E:\Tinkr\Tinkr2\4.2\TinkrApiDoc\Help\Working\BuildReferenceTopics.proj]
BuildAssembler : warning : ResolveReferenceLinksComponent: [M:Skewworks.NETMF.Core.ImageFromBytes(System.Byte[])] Unknown reference link target &#39;T:Microsoft.SPOT.Bitmap&#39;. [E:\Tinkr\Tinkr2\4.2\TinkrApiDoc\Help\Working\BuildReferenceTopics.proj]
BuildAssembler : warning : ResolveReferenceLinksComponent: [M:Skewworks.NETMF.Core.ImageFromBytes(System.Byte[])] Unknown reference link target &#39;T:Microsoft.SPOT.Bitmap&#39;. [E:\Tinkr\Tinkr2\4.2\TinkrApiDoc\Help\Working\BuildReferenceTopics.proj]
BuildAssembler : warning : ResolveReferenceLinksComponent: [M:Skewworks.NETMF.Core.Initialize(Skewworks.NETMF.TouchCollection,Microsoft.SPOT.Bitmap,Microsoft.SPOT.Presentation.Media.Color)] Unknown reference link target &#39;T:Microsoft.SPOT.Bitmap&#39;. [E:\Tinkr\Tinkr2\4.2\TinkrApiDoc\Help\Working\BuildReferenceTopics.proj]
BuildAssembler : warning : ResolveReferenceLinksComponent: [M:Skewworks.NETMF.Core.Initialize(Skewworks.NETMF.TouchCollection,Microsoft.SPOT.Bitmap,Microsoft.SPOT.Presentation.Media.Color)] Unknown reference link target &#39;T:Microsoft.SPOT.Presentation.Media.Color&#39;. [E:\Tinkr\Tinkr2\4.2\TinkrApiDoc\Help\Working\BuildReferenceTopics.proj]
BuildAssembler : warning : ResolveReferenceLinksComponent: [M:Skewworks.NETMF.Core.Initialize(Skewworks.NETMF.TouchCollection,Microsoft.SPOT.Bitmap,Microsoft.SPOT.Presentation.Media.Color)] Unknown reference link target &#39;T:Microsoft.SPOT.Bitmap&#39;. [E:\Tinkr\Tinkr2\4.2\TinkrApiDoc\Help\Working\BuildReferenceTopics.proj]
BuildAssembler : warning : ResolveReferenceLinksComponent: [M:Skewworks.NETMF.Core.Initialize(Skewworks.NETMF.TouchCollection,Microsoft.SPOT.Bitmap,Microsoft.SPOT.Presentation.Media.Color)] Unknown reference link target &#39;T:Microsoft.SPOT.Presentation.Media.Color&#39;. [E:\Tinkr\Tinkr2\4.2\TinkrApiDoc\Help\Working\BuildReferenceTopics.proj]
BuildAssembler : warning : ShowMissingComponent: [M:Skewworks.NETMF.Core.LaunchApplication(System.Byte[],System.String[])] Missing &lt;returns&gt; documentation [E:\Tinkr\Tinkr2\4.2\TinkrApiDoc\Help\Working\BuildReferenceTopics.proj]
BuildAssembler : warning : ShowMissingComponent: [M:Skewworks.NETMF.Core.LaunchApplication(System.String,System.String[])] Missing &lt;returns&gt; documentation [E:\Tinkr\Tinkr2\4.2\TinkrApiDoc\Help\Working\BuildReferenceTopics.proj]
BuildAssembler : warning : ResolveReferenceLinksComponent: [P:Skewworks.NETMF.Core.Screen] Unknown reference link target &#39;T:Microsoft.SPOT.Bitmap&#39;. [E:\Tinkr\Tinkr2\4.2\TinkrApiDoc\Help\Working\BuildReferenceTopics.proj]
BuildAssembler : warning : ResolveReferenceLinksComponent: [P:Skewworks.NETMF.Core.Screen] Unknown reference link target &#39;T:Microsoft.SPOT.Bitmap&#39;. [E:\Tinkr\Tinkr2\4.2\TinkrApiDoc\Help\Working\BuildReferenceTopics.proj]
BuildAssembler : warning : ResolveReferenceLinksComponent: [M:Skewworks.NETMF.Core.ShadowRegionInset(System.Int32,System.Int32,System.Int32,System.Int32,Microsoft.SPOT.Presentation.Media.Color)] Unknown reference link target &#39;T:Microsoft.SPOT.Presentation.Media.Color&#39;. [E:\Tinkr\Tinkr2\4.2\TinkrApiDoc\Help\Working\BuildReferenceTopics.proj]
BuildAssembler : warning : ResolveReferenceLinksComponent: [M:Skewworks.NETMF.Core.ShadowRegionInset(System.Int32,System.Int32,System.Int32,System.Int32,Microsoft.SPOT.Presentation.Media.Color)] Unknown reference link target &#39;T:Microsoft.SPOT.Presentation.Media.Color&#39;. [E:\Tinkr\Tinkr2\4.2\TinkrApiDoc\Help\Working\BuildReferenceTopics.proj]
BuildAssembler : warning : ShowMissingComponent: [M:Skewworks.NETMF.Core.TerminateApplication(System.Guid)] Missing &lt;returns&gt; documentation [E:\Tinkr\Tinkr2\4.2\TinkrApiDoc\Help\Working\BuildReferenceTopics.proj]
BuildAssembler : warning : ResolveReferenceLinksComponent: [T:Skewworks.NETMF.FontManager] Unknown reference link target &#39;M:Microsoft.SPOT.Font.ComputeExtent(System.String,System.Int32@,System.Int32@)&#39;. [E:\Tinkr\Tinkr2\4.2\TinkrApiDoc\Help\Working\BuildReferenceTopics.proj]
BuildAssembler : warning : ResolveReferenceLinksComponent: [T:Skewworks.NETMF.FontManager] Unknown reference link target &#39;M:Microsoft.SPOT.Font.ComputeExtent(System.String,System.Int32@,System.Int32@)&#39;. [E:\Tinkr\Tinkr2\4.2\TinkrApiDoc\Help\Working\BuildReferenceTopics.proj]
BuildAssembler : warning : ResolveReferenceLinksComponent: [Methods.T:Skewworks.NETMF.FontManager] Unknown reference link target &#39;M:Microsoft.SPOT.Font.ComputeExtent(System.String,System.Int32@,System.Int32@)&#39;. [E:\Tinkr\Tinkr2\4.2\TinkrApiDoc\Help\Working\BuildReferenceTopics.proj]
BuildAssembler : warning : ResolveReferenceLinksComponent: [Methods.T:Skewworks.NETMF.FontManager] Unknown reference link target &#39;M:Microsoft.SPOT.Font.ComputeExtent(System.String,System.Int32@,System.Int32@)&#39;. [E:\Tinkr\Tinkr2\4.2\TinkrApiDoc\Help\Working\BuildReferenceTopics.proj]
BuildAssembler : warning : ResolveReferenceLinksComponent: [M:Skewworks.NETMF.FontManager.ComputeExtentEx(Microsoft.SPOT.Font,System.String)] Unknown reference link target &#39;M:Microsoft.SPOT.Font.ComputeExtent(System.String,System.Int32@,System.Int32@)&#39;. [E:\Tinkr\Tinkr2\4.2\TinkrApiDoc\Help\Working\BuildReferenceTopics.proj]
BuildAssembler : warning : ResolveReferenceLinksComponent: [M:Skewworks.NETMF.FontManager.ComputeExtentEx(Microsoft.SPOT.Font,System.String)] Unknown reference link target &#39;T:Microsoft.SPOT.Font&#39;. [E:\Tinkr\Tinkr2\4.2\TinkrApiDoc\Help\Working\BuildReferenceTopics.proj]
BuildAssembler : warning : ResolveReferenceLinksComponent: [M:Skewworks.NETMF.FontManager.ComputeExtentEx(Microsoft.SPOT.Font,System.String)] Unknown reference link target &#39;M:Microsoft.SPOT.Font.ComputeExtent(System.String,System.Int32@,System.Int32@)&#39;. [E:\Tinkr\Tinkr2\4.2\TinkrApiDoc\Help\Working\BuildReferenceTopics.proj]
BuildAssembler : warning : ResolveReferenceLinksComponent: [M:Skewworks.NETMF.FontManager.ComputeExtentEx(Microsoft.SPOT.Font,System.String)] Unknown reference link target &#39;T:Microsoft.SPOT.Font&#39;. [E:\Tinkr\Tinkr2\4.2\TinkrApiDoc\Help\Working\BuildReferenceTopics.proj]
BuildAssembler : warning : ResolveReferenceLinksComponent: [P:Skewworks.NETMF.Overlay.BackColor] Unknown reference link target &#39;T:Microsoft.SPOT.Presentation.Media.Color&#39;. [E:\Tinkr\Tinkr2\4.2\TinkrApiDoc\Help\Working\BuildReferenceTopics.proj]
BuildAssembler : warning : ResolveReferenceLinksComponent: [P:Skewworks.NETMF.Overlay.BackColor] Unknown reference link target &#39;T:Microsoft.SPOT.Presentation.Media.Color&#39;. [E:\Tinkr\Tinkr2\4.2\TinkrApiDoc\Help\Working\BuildReferenceTopics.proj]
BuildAssembler : warning : ResolveReferenceLinksComponent: [P:Skewworks.NETMF.Overlay.BorderColor] Unknown reference link target &#39;T:Microsoft.SPOT.Presentation.Media.Color&#39;. [E:\Tinkr\Tinkr2\4.2\TinkrApiDoc\Help\Working\BuildReferenceTopics.proj]
BuildAssembler : warning : ResolveReferenceLinksComponent: [P:Skewworks.NETMF.Overlay.BorderColor] Unknown reference link target &#39;T:Microsoft.SPOT.Presentation.Media.Color&#39;. [E:\Tinkr\Tinkr2\4.2\TinkrApiDoc\Help\Working\BuildReferenceTopics.proj]
BuildAssembler : warning : ResolveReferenceLinksComponent: [P:Skewworks.NETMF.Overlay.Font] Unknown reference link target &#39;T:Microsoft.SPOT.Font&#39;. [E:\Tinkr\Tinkr2\4.2\TinkrApiDoc\Help\Working\BuildReferenceTopics.proj]
BuildAssembler : warning : ResolveReferenceLinksComponent: [P:Skewworks.NETMF.Overlay.Font] Unknown reference link target &#39;T:Microsoft.SPOT.Font&#39;. [E:\Tinkr\Tinkr2\4.2\TinkrApiDoc\Help\Working\BuildReferenceTopics.proj]
BuildAssembler : warning : ResolveReferenceLinksComponent: [P:Skewworks.NETMF.Overlay.ForeColor] Unknown reference link target &#39;T:Microsoft.SPOT.Presentation.Media.Color&#39;. [E:\Tinkr\Tinkr2\4.2\TinkrApiDoc\Help\Working\BuildReferenceTopics.proj]
BuildAssembler : warning : ResolveReferenceLinksComponent: [P:Skewworks.NETMF.Overlay.ForeColor] Unknown reference link target &#39;T:Microsoft.SPOT.Presentation.Media.Color&#39;. [E:\Tinkr\Tinkr2\4.2\TinkrApiDoc\Help\Working\BuildReferenceTopics.proj]
BuildAssembler : warning : ResolveReferenceLinksComponent: [P:Skewworks.NETMF.Overlay.Image] Unknown reference link target &#39;T:Microsoft.SPOT.Bitmap&#39;. [E:\Tinkr\Tinkr2\4.2\TinkrApiDoc\Help\Working\BuildReferenceTopics.proj]
BuildAssembler : warning : ResolveReferenceLinksComponent: [P:Skewworks.NETMF.Overlay.Image] Unknown reference link target &#39;T:Microsoft.SPOT.Bitmap&#39;. [E:\Tinkr\Tinkr2\4.2\TinkrApiDoc\Help\Working\BuildReferenceTopics.proj]
BuildAssembler : warning : ResolveReferenceLinksComponent: [P:Skewworks.NETMF.SystemColors.AltSelectedFontColor] Unknown reference link target &#39;T:Microsoft.SPOT.Presentation.Media.Color&#39;. [E:\Tinkr\Tinkr2\4.2\TinkrApiDoc\Help\Working\BuildReferenceTopics.proj]
BuildAssembler : warning : ResolveReferenceLinksComponent: [P:Skewworks.NETMF.SystemColors.AltSelectedFontColor] Unknown reference link target &#39;T:Microsoft.SPOT.Presentation.Media.Color&#39;. [E:\Tinkr\Tinkr2\4.2\TinkrApiDoc\Help\Working\BuildReferenceTopics.proj]
BuildAssembler : warning : ResolveReferenceLinksComponent: [P:Skewworks.NETMF.SystemColors.AltSelectionColor] Unknown reference link target &#39;T:Microsoft.SPOT.Presentation.Media.Color&#39;. [E:\Tinkr\Tinkr2\4.2\TinkrApiDoc\Help\Working\BuildReferenceTopics.proj]
BuildAssembler : warning : ResolveReferenceLinksComponent: [P:Skewworks.NETMF.SystemColors.AltSelectionColor] Unknown reference link target &#39;T:Microsoft.SPOT.Presentation.Media.Color&#39;. [E:\Tinkr\Tinkr2\4.2\TinkrApiDoc\Help\Working\BuildReferenceTopics.proj]
BuildAssembler : warning : ResolveReferenceLinksComponent: [P:Skewworks.NETMF.SystemColors.BorderColor] Unknown reference link target &#39;T:Microsoft.SPOT.Presentation.Media.Color&#39;. [E:\Tinkr\Tinkr2\4.2\TinkrApiDoc\Help\Working\BuildReferenceTopics.proj]
BuildAssembler : warning : ResolveReferenceLinksComponent: [P:Skewworks.NETMF.SystemColors.BorderColor] Unknown reference link target &#39;T:Microsoft.SPOT.Presentation.Media.Color&#39;. [E:\Tinkr\Tinkr2\4.2\TinkrApiDoc\Help\Working\BuildReferenceTopics.proj]
BuildAssembler : warning : ResolveReferenceLinksComponent: [P:Skewworks.NETMF.SystemColors.ContainerBackground] Unknown reference link target &#39;T:Microsoft.SPOT.Presentation.Media.Color&#39;. [E:\Tinkr\Tinkr2\4.2\TinkrApiDoc\Help\Working\BuildReferenceTopics.proj]
BuildAssembler : warning : ResolveReferenceLinksComponent: [P:Skewworks.NETMF.SystemColors.ContainerBackground] Unknown reference link target &#39;T:Microsoft.SPOT.Presentation.Media.Color&#39;. [E:\Tinkr\Tinkr2\4.2\TinkrApiDoc\Help\Working\BuildReferenceTopics.proj]
BuildAssembler : warning : ResolveReferenceLinksComponent: [P:Skewworks.NETMF.SystemColors.ControlBottom] Unknown reference link target &#39;T:Microsoft.SPOT.Presentation.Media.Color&#39;. [E:\Tinkr\Tinkr2\4.2\TinkrApiDoc\Help\Working\BuildReferenceTopics.proj]
BuildAssembler : warning : ResolveReferenceLinksComponent: [P:Skewworks.NETMF.SystemColors.ControlBottom] Unknown reference link target &#39;T:Microsoft.SPOT.Presentation.Media.Color&#39;. [E:\Tinkr\Tinkr2\4.2\TinkrApiDoc\Help\Working\BuildReferenceTopics.proj]
BuildAssembler : warning : ResolveReferenceLinksComponent: [P:Skewworks.NETMF.SystemColors.ControlTop] Unknown reference link target &#39;T:Microsoft.SPOT.Presentation.Media.Color&#39;. [E:\Tinkr\Tinkr2\4.2\TinkrApiDoc\Help\Working\BuildReferenceTopics.proj]
BuildAssembler : warning : ResolveReferenceLinksComponent: [P:Skewworks.NETMF.SystemColors.ControlTop] Unknown reference link target &#39;T:Microsoft.SPOT.Presentation.Media.Color&#39;. [E:\Tinkr\Tinkr2\4.2\TinkrApiDoc\Help\Working\BuildReferenceTopics.proj]
BuildAssembler : warning : ResolveReferenceLinksComponent: [P:Skewworks.NETMF.SystemColors.FontColor] Unknown reference link target &#39;T:Microsoft.SPOT.Presentation.Media.Color&#39;. [E:\Tinkr\Tinkr2\4.2\TinkrApiDoc\Help\Working\BuildReferenceTopics.proj]
BuildAssembler : warning : ResolveReferenceLinksComponent: [P:Skewworks.NETMF.SystemColors.FontColor] Unknown reference link target &#39;T:Microsoft.SPOT.Presentation.Media.Color&#39;. [E:\Tinkr\Tinkr2\4.2\TinkrApiDoc\Help\Working\BuildReferenceTopics.proj]
BuildAssembler : warning : ResolveReferenceLinksComponent: [P:Skewworks.NETMF.SystemColors.PressedControlBottom] Unknown reference link target &#39;T:Microsoft.SPOT.Presentation.Media.Color&#39;. [E:\Tinkr\Tinkr2\4.2\TinkrApiDoc\Help\Working\BuildReferenceTopics.proj]
BuildAssembler : warning : ResolveReferenceLinksComponent: [P:Skewworks.NETMF.SystemColors.PressedControlBottom] Unknown reference link target &#39;T:Microsoft.SPOT.Presentation.Media.Color&#39;. [E:\Tinkr\Tinkr2\4.2\TinkrApiDoc\Help\Working\BuildReferenceTopics.proj]
BuildAssembler : warning : ResolveReferenceLinksComponent: [P:Skewworks.NETMF.SystemColors.PressedControlTop] Unknown reference link target &#39;T:Microsoft.SPOT.Presentation.Media.Color&#39;. [E:\Tinkr\Tinkr2\4.2\TinkrApiDoc\Help\Working\BuildReferenceTopics.proj]
BuildAssembler : warning : ResolveReferenceLinksComponent: [P:Skewworks.NETMF.SystemColors.PressedControlTop] Unknown reference link target &#39;T:Microsoft.SPOT.Presentation.Media.Color&#39;. [E:\Tinkr\Tinkr2\4.2\TinkrApiDoc\Help\Working\BuildReferenceTopics.proj]
BuildAssembler : warning : ResolveReferenceLinksComponent: [P:Skewworks.NETMF.SystemColors.PressedTextColor] Unknown reference link target &#39;T:Microsoft.SPOT.Presentation.Media.Color&#39;. [E:\Tinkr\Tinkr2\4.2\TinkrApiDoc\Help\Working\BuildReferenceTopics.proj]
BuildAssembler : warning : ResolveReferenceLinksComponent: [P:Skewworks.NETMF.SystemColors.PressedTextColor] Unknown reference link target &#39;T:Microsoft.SPOT.Presentation.Media.Color&#39;. [E:\Tinkr\Tinkr2\4.2\TinkrApiDoc\Help\Working\BuildReferenceTopics.proj]
BuildAssembler : warning : ResolveReferenceLinksComponent: [P:Skewworks.NETMF.SystemColors.PressedTextShadow] Unknown reference link target &#39;T:Microsoft.SPOT.Presentation.Media.Color&#39;. [E:\Tinkr\Tinkr2\4.2\TinkrApiDoc\Help\Working\BuildReferenceTopics.proj]
BuildAssembler : warning : ResolveReferenceLinksComponent: [P:Skewworks.NETMF.SystemColors.PressedTextShadow] Unknown reference link target &#39;T:Microsoft.SPOT.Presentation.Media.Color&#39;. [E:\Tinkr\Tinkr2\4.2\TinkrApiDoc\Help\Working\BuildReferenceTopics.proj]
BuildAssembler : warning : ResolveReferenceLinksComponent: [P:Skewworks.NETMF.SystemColors.ScrollbarBackground] Unknown reference link target &#39;T:Microsoft.SPOT.Presentation.Media.Color&#39;. [E:\Tinkr\Tinkr2\4.2\TinkrApiDoc\Help\Working\BuildReferenceTopics.proj]
BuildAssembler : warning : ResolveReferenceLinksComponent: [P:Skewworks.NETMF.SystemColors.ScrollbarBackground] Unknown reference link target &#39;T:Microsoft.SPOT.Presentation.Media.Color&#39;. [E:\Tinkr\Tinkr2\4.2\TinkrApiDoc\Help\Working\BuildReferenceTopics.proj]
BuildAssembler : warning : ResolveReferenceLinksComponent: [P:Skewworks.NETMF.SystemColors.ScrollbarGrip] Unknown reference link target &#39;T:Microsoft.SPOT.Presentation.Media.Color&#39;. [E:\Tinkr\Tinkr2\4.2\TinkrApiDoc\Help\Working\BuildReferenceTopics.proj]
BuildAssembler : warning : ResolveReferenceLinksComponent: [P:Skewworks.NETMF.SystemColors.ScrollbarGrip] Unknown reference link target &#39;T:Microsoft.SPOT.Presentation.Media.Color&#39;. [E:\Tinkr\Tinkr2\4.2\TinkrApiDoc\Help\Working\BuildReferenceTopics.proj]
BuildAssembler : warning : ResolveReferenceLinksComponent: [P:Skewworks.NETMF.SystemColors.SelectedFontColor] Unknown reference link target &#39;T:Microsoft.SPOT.Presentation.Media.Color&#39;. [E:\Tinkr\Tinkr2\4.2\TinkrApiDoc\Help\Working\BuildReferenceTopics.proj]
BuildAssembler : warning : ResolveReferenceLinksComponent: [P:Skewworks.NETMF.SystemColors.SelectedFontColor] Unknown reference link target &#39;T:Microsoft.SPOT.Presentation.Media.Color&#39;. [E:\Tinkr\Tinkr2\4.2\TinkrApiDoc\Help\Working\BuildReferenceTopics.proj]
BuildAssembler : warning : ResolveReferenceLinksComponent: [P:Skewworks.NETMF.SystemColors.SelectedTextShadow] Unknown reference link target &#39;T:Microsoft.SPOT.Presentation.Media.Color&#39;. [E:\Tinkr\Tinkr2\4.2\TinkrApiDoc\Help\Working\BuildReferenceTopics.proj]
BuildAssembler : warning : ResolveReferenceLinksComponent: [P:Skewworks.NETMF.SystemColors.SelectedTextShadow] Unknown reference link target &#39;T:Microsoft.SPOT.Presentation.Media.Color&#39;. [E:\Tinkr\Tinkr2\4.2\TinkrApiDoc\Help\Working\BuildReferenceTopics.proj]
BuildAssembler : warning : ResolveReferenceLinksComponent: [P:Skewworks.NETMF.SystemColors.SelectionColor] Unknown reference link target &#39;T:Microsoft.SPOT.Presentation.Media.Color&#39;. [E:\Tinkr\Tinkr2\4.2\TinkrApiDoc\Help\Working\BuildReferenceTopics.proj]
BuildAssembler : warning : ResolveReferenceLinksComponent: [P:Skewworks.NETMF.SystemColors.SelectionColor] Unknown reference link target &#39;T:Microsoft.SPOT.Presentation.Media.Color&#39;. [E:\Tinkr\Tinkr2\4.2\TinkrApiDoc\Help\Working\BuildReferenceTopics.proj]
BuildAssembler : warning : ResolveReferenceLinksComponent: [P:Skewworks.NETMF.SystemColors.TextShadow] Unknown reference link target &#39;T:Microsoft.SPOT.Presentation.Media.Color&#39;. [E:\Tinkr\Tinkr2\4.2\TinkrApiDoc\Help\Working\BuildReferenceTopics.proj]
BuildAssembler : warning : ResolveReferenceLinksComponent: [P:Skewworks.NETMF.SystemColors.TextShadow] Unknown reference link target &#39;T:Microsoft.SPOT.Presentation.Media.Color&#39;. [E:\Tinkr\Tinkr2\4.2\TinkrApiDoc\Help\Working\BuildReferenceTopics.proj]
BuildAssembler : warning : ResolveReferenceLinksComponent: [P:Skewworks.NETMF.SystemColors.WindowColor] Unknown reference link target &#39;T:Microsoft.SPOT.Presentation.Media.Color&#39;. [E:\Tinkr\Tinkr2\4.2\TinkrApiDoc\Help\Working\BuildReferenceTopics.proj]
BuildAssembler : warning : ResolveReferenceLinksComponent: [P:Skewworks.NETMF.SystemColors.WindowColor] Unknown reference link target &#39;T:Microsoft.SPOT.Presentation.Media.Color&#39;. [E:\Tinkr\Tinkr2\4.2\TinkrApiDoc\Help\Working\BuildReferenceTopics.proj]
BuildAssembler : warning : ResolveReferenceLinksComponent: [M:Skewworks.NETMF.Graphics.ColorEX.#ctor(System.Int32,System.Int32,System.UInt16,Microsoft.SPOT.Presentation.Media.Color)] Unknown reference link target &#39;T:Microsoft.SPOT.Presentation.Media.Color&#39;. [E:\Tinkr\Tinkr2\4.2\TinkrApiDoc\Help\Working\BuildReferenceTopics.proj]
BuildAssembler : warning : ResolveReferenceLinksComponent: [M:Skewworks.NETMF.Graphics.ColorEX.#ctor(System.Int32,System.Int32,System.UInt16,Microsoft.SPOT.Presentation.Media.Color)] Unknown reference link target &#39;T:Microsoft.SPOT.Presentation.Media.Color&#39;. [E:\Tinkr\Tinkr2\4.2\TinkrApiDoc\Help\Working\BuildReferenceTopics.proj]
BuildAssembler : warning : ResolveReferenceLinksComponent: [F:Skewworks.NETMF.Graphics.ColorEX.Color] Unknown reference link target &#39;T:Microsoft.SPOT.Presentation.Media.Color&#39;. [E:\Tinkr\Tinkr2\4.2\TinkrApiDoc\Help\Working\BuildReferenceTopics.proj]
BuildAssembler : warning : ResolveReferenceLinksComponent: [F:Skewworks.NETMF.Graphics.ColorEX.Color] Unknown reference link target &#39;T:Microsoft.SPOT.Presentation.Media.Color&#39;. [E:\Tinkr\Tinkr2\4.2\TinkrApiDoc\Help\Working\BuildReferenceTopics.proj]
BuildAssembler : warning : ResolveReferenceLinksComponent: [M:Skewworks.NETMF.Graphics.Image32.Draw(Microsoft.SPOT.Bitmap,System.Int32,System.Int32)] Unknown reference link target &#39;T:Microsoft.SPOT.Bitmap&#39;. [E:\Tinkr\Tinkr2\4.2\TinkrApiDoc\Help\Working\BuildReferenceTopics.proj]
BuildAssembler : warning : ResolveReferenceLinksComponent: [M:Skewworks.NETMF.Graphics.Image32.Draw(Microsoft.SPOT.Bitmap,System.Int32,System.Int32)] Unknown reference link target &#39;T:Microsoft.SPOT.Bitmap&#39;. [E:\Tinkr\Tinkr2\4.2\TinkrApiDoc\Help\Working\BuildReferenceTopics.proj]
BuildAssembler : warning : ResolveReferenceLinksComponent: [M:Skewworks.NETMF.Graphics.Image32.Draw(System.Int32,System.Int32,Microsoft.SPOT.Bitmap,System.Int32,System.Int32,System.Int32,System.Int32)] Unknown reference link target &#39;T:Microsoft.SPOT.Bitmap&#39;. [E:\Tinkr\Tinkr2\4.2\TinkrApiDoc\Help\Working\BuildReferenceTopics.proj]
BuildAssembler : warning : ResolveReferenceLinksComponent: [M:Skewworks.NETMF.Graphics.Image32.Draw(System.Int32,System.Int32,Microsoft.SPOT.Bitmap,System.Int32,System.Int32,System.Int32,System.Int32)] Unknown reference link target &#39;T:Microsoft.SPOT.Bitmap&#39;. [E:\Tinkr\Tinkr2\4.2\TinkrApiDoc\Help\Working\BuildReferenceTopics.proj]
  Processed 549 topic(s)
  137 warning(s)
  CopyFromIndexComponent: &quot;reflection&quot; in-memory cache entries used: 4 of 15.
  CopyFromIndexComponent: &quot;comments&quot; in-memory cache entries used: 1 of 30.
Die Erstellung von Projekt &quot;E:\Tinkr\Tinkr2\4.2\TinkrApiDoc\Help\Working\BuildReferenceTopics.proj&quot; ist abgeschlossen (Standardziele).

Der Buildvorgang wurde erfolgreich ausgefhrt.

Verstrichene Zeit 00:00:15.91
    Last step completed in 00:00:16.0029
</buildStep>
<buildStep step="CombiningIntermediateTocFiles">
Combining conceptual and API intermediate TOC files...

Clearing any prior web output
    Last step completed in 00:00:00.3260
</buildStep>
<buildStep step="ExtractingHtmlInfo">
Extracting HTML info for HTML Help 1 and/or website...
[C:\Windows\Microsoft.NET\Framework\v4.0.30319\MSBuild.exe]
Sandcastle Help File Builder, version 2014.2.15.0 Beta
Copyright &#184; 2006-2014, Eric Woodruff, All Rights Reserved
E-Mail: Eric@EWoodruff.us

Using LCID &#39;1033&#39;, code page &#39;65001&#39;, encoding charset &#39;UTF-8&#39;.

Processing Help 1 files in E:\Tinkr\Tinkr2\4.2\TinkrApiDoc\Help\Working\Output\HtmlHelp1
Processed 552 HTML files
Sorting keywords and generating See Also indices
Saving HTML Help 1 keyword index to E:\Tinkr\Tinkr2\4.2\TinkrApiDoc\Help\Working\TinkrApiDoc.hhk
Saving HTML Help 1 table of contents to E:\Tinkr\Tinkr2\4.2\TinkrApiDoc\Help\Working\TinkrApiDoc.hhc

Processing website files in E:\Tinkr\Tinkr2\4.2\TinkrApiDoc\Help\Working\Output\Website
Processed 552 HTML files
Sorting keywords and generating See Also indices
Saving website keyword index to E:\Tinkr\Tinkr2\4.2\TinkrApiDoc\Help\Working\WebKI.xml
Saving website table of contents to E:\Tinkr\Tinkr2\4.2\TinkrApiDoc\Help\Working\WebTOC.xml
    Last step completed in 00:00:01.5411
</buildStep>
<buildStep step="CopyStandardHelpContent">
Copying standard help content...
C:\Program Files (x86)\EWSoftware\Sandcastle Help File Builder\PresentationStyles\VS2010\icons\1_404_bullet.gif -&gt; E:\Tinkr\Tinkr2\4.2\TinkrApiDoc\Help\Working\Output\HtmlHelp1\icons\1_404_bullet.gif
C:\Program Files (x86)\EWSoftware\Sandcastle Help File Builder\PresentationStyles\VS2010\icons\2_404_bullet.gif -&gt; E:\Tinkr\Tinkr2\4.2\TinkrApiDoc\Help\Working\Output\HtmlHelp1\icons\2_404_bullet.gif
C:\Program Files (x86)\EWSoftware\Sandcastle Help File Builder\PresentationStyles\VS2010\icons\alert_caution.gif -&gt; E:\Tinkr\Tinkr2\4.2\TinkrApiDoc\Help\Working\Output\HtmlHelp1\icons\alert_caution.gif
C:\Program Files (x86)\EWSoftware\Sandcastle Help File Builder\PresentationStyles\VS2010\icons\alert_note.gif -&gt; E:\Tinkr\Tinkr2\4.2\TinkrApiDoc\Help\Working\Output\HtmlHelp1\icons\alert_note.gif
C:\Program Files (x86)\EWSoftware\Sandcastle Help File Builder\PresentationStyles\VS2010\icons\alert_security.gif -&gt; E:\Tinkr\Tinkr2\4.2\TinkrApiDoc\Help\Working\Output\HtmlHelp1\icons\alert_security.gif
C:\Program Files (x86)\EWSoftware\Sandcastle Help File Builder\PresentationStyles\VS2010\icons\CFW.gif -&gt; E:\Tinkr\Tinkr2\4.2\TinkrApiDoc\Help\Working\Output\HtmlHelp1\icons\CFW.gif
C:\Program Files (x86)\EWSoftware\Sandcastle Help File Builder\PresentationStyles\VS2010\icons\close.gif -&gt; E:\Tinkr\Tinkr2\4.2\TinkrApiDoc\Help\Working\Output\HtmlHelp1\icons\close.gif
C:\Program Files (x86)\EWSoftware\Sandcastle Help File Builder\PresentationStyles\VS2010\icons\favicon.ico -&gt; E:\Tinkr\Tinkr2\4.2\TinkrApiDoc\Help\Working\Output\HtmlHelp1\icons\favicon.ico
C:\Program Files (x86)\EWSoftware\Sandcastle Help File Builder\PresentationStyles\VS2010\icons\footer_slice.gif -&gt; E:\Tinkr\Tinkr2\4.2\TinkrApiDoc\Help\Working\Output\HtmlHelp1\icons\footer_slice.gif
C:\Program Files (x86)\EWSoftware\Sandcastle Help File Builder\PresentationStyles\VS2010\icons\info_icon.gif -&gt; E:\Tinkr\Tinkr2\4.2\TinkrApiDoc\Help\Working\Output\HtmlHelp1\icons\info_icon.gif
C:\Program Files (x86)\EWSoftware\Sandcastle Help File Builder\PresentationStyles\VS2010\icons\note.gif -&gt; E:\Tinkr\Tinkr2\4.2\TinkrApiDoc\Help\Working\Output\HtmlHelp1\icons\note.gif
C:\Program Files (x86)\EWSoftware\Sandcastle Help File Builder\PresentationStyles\VS2010\icons\online_icon.gif -&gt; E:\Tinkr\Tinkr2\4.2\TinkrApiDoc\Help\Working\Output\HtmlHelp1\icons\online_icon.gif
C:\Program Files (x86)\EWSoftware\Sandcastle Help File Builder\PresentationStyles\VS2010\icons\open.gif -&gt; E:\Tinkr\Tinkr2\4.2\TinkrApiDoc\Help\Working\Output\HtmlHelp1\icons\open.gif
C:\Program Files (x86)\EWSoftware\Sandcastle Help File Builder\PresentationStyles\VS2010\icons\pencil.GIF -&gt; E:\Tinkr\Tinkr2\4.2\TinkrApiDoc\Help\Working\Output\HtmlHelp1\icons\pencil.GIF
C:\Program Files (x86)\EWSoftware\Sandcastle Help File Builder\PresentationStyles\VS2010\icons\privclass.gif -&gt; E:\Tinkr\Tinkr2\4.2\TinkrApiDoc\Help\Working\Output\HtmlHelp1\icons\privclass.gif
C:\Program Files (x86)\EWSoftware\Sandcastle Help File Builder\PresentationStyles\VS2010\icons\privdelegate.gif -&gt; E:\Tinkr\Tinkr2\4.2\TinkrApiDoc\Help\Working\Output\HtmlHelp1\icons\privdelegate.gif
C:\Program Files (x86)\EWSoftware\Sandcastle Help File Builder\PresentationStyles\VS2010\icons\privenumeration.gif -&gt; E:\Tinkr\Tinkr2\4.2\TinkrApiDoc\Help\Working\Output\HtmlHelp1\icons\privenumeration.gif
C:\Program Files (x86)\EWSoftware\Sandcastle Help File Builder\PresentationStyles\VS2010\icons\privevent.gif -&gt; E:\Tinkr\Tinkr2\4.2\TinkrApiDoc\Help\Working\Output\HtmlHelp1\icons\privevent.gif
C:\Program Files (x86)\EWSoftware\Sandcastle Help File Builder\PresentationStyles\VS2010\icons\privextension.gif -&gt; E:\Tinkr\Tinkr2\4.2\TinkrApiDoc\Help\Working\Output\HtmlHelp1\icons\privextension.gif
C:\Program Files (x86)\EWSoftware\Sandcastle Help File Builder\PresentationStyles\VS2010\icons\privfield.gif -&gt; E:\Tinkr\Tinkr2\4.2\TinkrApiDoc\Help\Working\Output\HtmlHelp1\icons\privfield.gif
C:\Program Files (x86)\EWSoftware\Sandcastle Help File Builder\PresentationStyles\VS2010\icons\privinterface.gif -&gt; E:\Tinkr\Tinkr2\4.2\TinkrApiDoc\Help\Working\Output\HtmlHelp1\icons\privinterface.gif
C:\Program Files (x86)\EWSoftware\Sandcastle Help File Builder\PresentationStyles\VS2010\icons\privmethod.gif -&gt; E:\Tinkr\Tinkr2\4.2\TinkrApiDoc\Help\Working\Output\HtmlHelp1\icons\privmethod.gif
C:\Program Files (x86)\EWSoftware\Sandcastle Help File Builder\PresentationStyles\VS2010\icons\privproperty.gif -&gt; E:\Tinkr\Tinkr2\4.2\TinkrApiDoc\Help\Working\Output\HtmlHelp1\icons\privproperty.gif
C:\Program Files (x86)\EWSoftware\Sandcastle Help File Builder\PresentationStyles\VS2010\icons\privstructure.gif -&gt; E:\Tinkr\Tinkr2\4.2\TinkrApiDoc\Help\Working\Output\HtmlHelp1\icons\privstructure.gif
C:\Program Files (x86)\EWSoftware\Sandcastle Help File Builder\PresentationStyles\VS2010\icons\protclass.gif -&gt; E:\Tinkr\Tinkr2\4.2\TinkrApiDoc\Help\Working\Output\HtmlHelp1\icons\protclass.gif
C:\Program Files (x86)\EWSoftware\Sandcastle Help File Builder\PresentationStyles\VS2010\icons\protdelegate.gif -&gt; E:\Tinkr\Tinkr2\4.2\TinkrApiDoc\Help\Working\Output\HtmlHelp1\icons\protdelegate.gif
C:\Program Files (x86)\EWSoftware\Sandcastle Help File Builder\PresentationStyles\VS2010\icons\protenumeration.gif -&gt; E:\Tinkr\Tinkr2\4.2\TinkrApiDoc\Help\Working\Output\HtmlHelp1\icons\protenumeration.gif
C:\Program Files (x86)\EWSoftware\Sandcastle Help File Builder\PresentationStyles\VS2010\icons\protevent.gif -&gt; E:\Tinkr\Tinkr2\4.2\TinkrApiDoc\Help\Working\Output\HtmlHelp1\icons\protevent.gif
C:\Program Files (x86)\EWSoftware\Sandcastle Help File Builder\PresentationStyles\VS2010\icons\protextension.gif -&gt; E:\Tinkr\Tinkr2\4.2\TinkrApiDoc\Help\Working\Output\HtmlHelp1\icons\protextension.gif
C:\Program Files (x86)\EWSoftware\Sandcastle Help File Builder\PresentationStyles\VS2010\icons\protfield.gif -&gt; E:\Tinkr\Tinkr2\4.2\TinkrApiDoc\Help\Working\Output\HtmlHelp1\icons\protfield.gif
C:\Program Files (x86)\EWSoftware\Sandcastle Help File Builder\PresentationStyles\VS2010\icons\protinterface.gif -&gt; E:\Tinkr\Tinkr2\4.2\TinkrApiDoc\Help\Working\Output\HtmlHelp1\icons\protinterface.gif
C:\Program Files (x86)\EWSoftware\Sandcastle Help File Builder\PresentationStyles\VS2010\icons\protmethod.gif -&gt; E:\Tinkr\Tinkr2\4.2\TinkrApiDoc\Help\Working\Output\HtmlHelp1\icons\protmethod.gif
C:\Program Files (x86)\EWSoftware\Sandcastle Help File Builder\PresentationStyles\VS2010\icons\protoperator.gif -&gt; E:\Tinkr\Tinkr2\4.2\TinkrApiDoc\Help\Working\Output\HtmlHelp1\icons\protoperator.gif
C:\Program Files (x86)\EWSoftware\Sandcastle Help File Builder\PresentationStyles\VS2010\icons\protproperty.gif -&gt; E:\Tinkr\Tinkr2\4.2\TinkrApiDoc\Help\Working\Output\HtmlHelp1\icons\protproperty.gif
C:\Program Files (x86)\EWSoftware\Sandcastle Help File Builder\PresentationStyles\VS2010\icons\protstructure.gif -&gt; E:\Tinkr\Tinkr2\4.2\TinkrApiDoc\Help\Working\Output\HtmlHelp1\icons\protstructure.gif
C:\Program Files (x86)\EWSoftware\Sandcastle Help File Builder\PresentationStyles\VS2010\icons\pubclass.gif -&gt; E:\Tinkr\Tinkr2\4.2\TinkrApiDoc\Help\Working\Output\HtmlHelp1\icons\pubclass.gif
C:\Program Files (x86)\EWSoftware\Sandcastle Help File Builder\PresentationStyles\VS2010\icons\pubdelegate.gif -&gt; E:\Tinkr\Tinkr2\4.2\TinkrApiDoc\Help\Working\Output\HtmlHelp1\icons\pubdelegate.gif
C:\Program Files (x86)\EWSoftware\Sandcastle Help File Builder\PresentationStyles\VS2010\icons\pubenumeration.gif -&gt; E:\Tinkr\Tinkr2\4.2\TinkrApiDoc\Help\Working\Output\HtmlHelp1\icons\pubenumeration.gif
C:\Program Files (x86)\EWSoftware\Sandcastle Help File Builder\PresentationStyles\VS2010\icons\pubevent.gif -&gt; E:\Tinkr\Tinkr2\4.2\TinkrApiDoc\Help\Working\Output\HtmlHelp1\icons\pubevent.gif
C:\Program Files (x86)\EWSoftware\Sandcastle Help File Builder\PresentationStyles\VS2010\icons\pubextension.gif -&gt; E:\Tinkr\Tinkr2\4.2\TinkrApiDoc\Help\Working\Output\HtmlHelp1\icons\pubextension.gif
C:\Program Files (x86)\EWSoftware\Sandcastle Help File Builder\PresentationStyles\VS2010\icons\pubfield.gif -&gt; E:\Tinkr\Tinkr2\4.2\TinkrApiDoc\Help\Working\Output\HtmlHelp1\icons\pubfield.gif
C:\Program Files (x86)\EWSoftware\Sandcastle Help File Builder\PresentationStyles\VS2010\icons\pubinterface.gif -&gt; E:\Tinkr\Tinkr2\4.2\TinkrApiDoc\Help\Working\Output\HtmlHelp1\icons\pubinterface.gif
C:\Program Files (x86)\EWSoftware\Sandcastle Help File Builder\PresentationStyles\VS2010\icons\pubmethod.gif -&gt; E:\Tinkr\Tinkr2\4.2\TinkrApiDoc\Help\Working\Output\HtmlHelp1\icons\pubmethod.gif
C:\Program Files (x86)\EWSoftware\Sandcastle Help File Builder\PresentationStyles\VS2010\icons\puboperator.gif -&gt; E:\Tinkr\Tinkr2\4.2\TinkrApiDoc\Help\Working\Output\HtmlHelp1\icons\puboperator.gif
C:\Program Files (x86)\EWSoftware\Sandcastle Help File Builder\PresentationStyles\VS2010\icons\pubproperty.gif -&gt; E:\Tinkr\Tinkr2\4.2\TinkrApiDoc\Help\Working\Output\HtmlHelp1\icons\pubproperty.gif
C:\Program Files (x86)\EWSoftware\Sandcastle Help File Builder\PresentationStyles\VS2010\icons\pubstructure.gif -&gt; E:\Tinkr\Tinkr2\4.2\TinkrApiDoc\Help\Working\Output\HtmlHelp1\icons\pubstructure.gif
C:\Program Files (x86)\EWSoftware\Sandcastle Help File Builder\PresentationStyles\VS2010\icons\search.gif -&gt; E:\Tinkr\Tinkr2\4.2\TinkrApiDoc\Help\Working\Output\HtmlHelp1\icons\search.gif
C:\Program Files (x86)\EWSoftware\Sandcastle Help File Builder\PresentationStyles\VS2010\icons\search_bk.gif -&gt; E:\Tinkr\Tinkr2\4.2\TinkrApiDoc\Help\Working\Output\HtmlHelp1\icons\search_bk.gif
C:\Program Files (x86)\EWSoftware\Sandcastle Help File Builder\PresentationStyles\VS2010\icons\security.gif -&gt; E:\Tinkr\Tinkr2\4.2\TinkrApiDoc\Help\Working\Output\HtmlHelp1\icons\security.gif
C:\Program Files (x86)\EWSoftware\Sandcastle Help File Builder\PresentationStyles\VS2010\icons\slMobile.gif -&gt; E:\Tinkr\Tinkr2\4.2\TinkrApiDoc\Help\Working\Output\HtmlHelp1\icons\slMobile.gif
C:\Program Files (x86)\EWSoftware\Sandcastle Help File Builder\PresentationStyles\VS2010\icons\static.gif -&gt; E:\Tinkr\Tinkr2\4.2\TinkrApiDoc\Help\Working\Output\HtmlHelp1\icons\static.gif
C:\Program Files (x86)\EWSoftware\Sandcastle Help File Builder\PresentationStyles\VS2010\icons\tabLeftBG.gif -&gt; E:\Tinkr\Tinkr2\4.2\TinkrApiDoc\Help\Working\Output\HtmlHelp1\icons\tabLeftBG.gif
C:\Program Files (x86)\EWSoftware\Sandcastle Help File Builder\PresentationStyles\VS2010\icons\tabRightBG.gif -&gt; E:\Tinkr\Tinkr2\4.2\TinkrApiDoc\Help\Working\Output\HtmlHelp1\icons\tabRightBG.gif
C:\Program Files (x86)\EWSoftware\Sandcastle Help File Builder\PresentationStyles\VS2010\icons\ui_om_collapse.gif -&gt; E:\Tinkr\Tinkr2\4.2\TinkrApiDoc\Help\Working\Output\HtmlHelp1\icons\ui_om_collapse.gif
C:\Program Files (x86)\EWSoftware\Sandcastle Help File Builder\PresentationStyles\VS2010\icons\ui_om_expand.gif -&gt; E:\Tinkr\Tinkr2\4.2\TinkrApiDoc\Help\Working\Output\HtmlHelp1\icons\ui_om_expand.gif
C:\Program Files (x86)\EWSoftware\Sandcastle Help File Builder\PresentationStyles\VS2010\icons\xna.gif -&gt; E:\Tinkr\Tinkr2\4.2\TinkrApiDoc\Help\Working\Output\HtmlHelp1\icons\xna.gif
C:\Program Files (x86)\EWSoftware\Sandcastle Help File Builder\PresentationStyles\VS2010\scripts\branding.js -&gt; E:\Tinkr\Tinkr2\4.2\TinkrApiDoc\Help\Working\Output\HtmlHelp1\scripts\branding.js
C:\Program Files (x86)\EWSoftware\Sandcastle Help File Builder\PresentationStyles\VS2010\styles\branding-cs-CZ.css -&gt; E:\Tinkr\Tinkr2\4.2\TinkrApiDoc\Help\Working\Output\HtmlHelp1\styles\branding-cs-CZ.css
C:\Program Files (x86)\EWSoftware\Sandcastle Help File Builder\PresentationStyles\VS2010\styles\branding-de-DE.css -&gt; E:\Tinkr\Tinkr2\4.2\TinkrApiDoc\Help\Working\Output\HtmlHelp1\styles\branding-de-DE.css
C:\Program Files (x86)\EWSoftware\Sandcastle Help File Builder\PresentationStyles\VS2010\styles\branding-en-US.css -&gt; E:\Tinkr\Tinkr2\4.2\TinkrApiDoc\Help\Working\Output\HtmlHelp1\styles\branding-en-US.css
C:\Program Files (x86)\EWSoftware\Sandcastle Help File Builder\PresentationStyles\VS2010\styles\branding-es-ES.css -&gt; E:\Tinkr\Tinkr2\4.2\TinkrApiDoc\Help\Working\Output\HtmlHelp1\styles\branding-es-ES.css
C:\Program Files (x86)\EWSoftware\Sandcastle Help File Builder\PresentationStyles\VS2010\styles\branding-fr-FR.css -&gt; E:\Tinkr\Tinkr2\4.2\TinkrApiDoc\Help\Working\Output\HtmlHelp1\styles\branding-fr-FR.css
C:\Program Files (x86)\EWSoftware\Sandcastle Help File Builder\PresentationStyles\VS2010\styles\branding-it-IT.css -&gt; E:\Tinkr\Tinkr2\4.2\TinkrApiDoc\Help\Working\Output\HtmlHelp1\styles\branding-it-IT.css
C:\Program Files (x86)\EWSoftware\Sandcastle Help File Builder\PresentationStyles\VS2010\styles\branding-ja-JP.css -&gt; E:\Tinkr\Tinkr2\4.2\TinkrApiDoc\Help\Working\Output\HtmlHelp1\styles\branding-ja-JP.css
C:\Program Files (x86)\EWSoftware\Sandcastle Help File Builder\PresentationStyles\VS2010\styles\branding-ko-KR.css -&gt; E:\Tinkr\Tinkr2\4.2\TinkrApiDoc\Help\Working\Output\HtmlHelp1\styles\branding-ko-KR.css
C:\Program Files (x86)\EWSoftware\Sandcastle Help File Builder\PresentationStyles\VS2010\styles\branding-pl-PL.css -&gt; E:\Tinkr\Tinkr2\4.2\TinkrApiDoc\Help\Working\Output\HtmlHelp1\styles\branding-pl-PL.css
C:\Program Files (x86)\EWSoftware\Sandcastle Help File Builder\PresentationStyles\VS2010\styles\branding-pt-BR.css -&gt; E:\Tinkr\Tinkr2\4.2\TinkrApiDoc\Help\Working\Output\HtmlHelp1\styles\branding-pt-BR.css
C:\Program Files (x86)\EWSoftware\Sandcastle Help File Builder\PresentationStyles\VS2010\styles\branding-ru-RU.css -&gt; E:\Tinkr\Tinkr2\4.2\TinkrApiDoc\Help\Working\Output\HtmlHelp1\styles\branding-ru-RU.css
C:\Program Files (x86)\EWSoftware\Sandcastle Help File Builder\PresentationStyles\VS2010\styles\branding-tr-TR.css -&gt; E:\Tinkr\Tinkr2\4.2\TinkrApiDoc\Help\Working\Output\HtmlHelp1\styles\branding-tr-TR.css
C:\Program Files (x86)\EWSoftware\Sandcastle Help File Builder\PresentationStyles\VS2010\styles\branding-zh-CN.css -&gt; E:\Tinkr\Tinkr2\4.2\TinkrApiDoc\Help\Working\Output\HtmlHelp1\styles\branding-zh-CN.css
C:\Program Files (x86)\EWSoftware\Sandcastle Help File Builder\PresentationStyles\VS2010\styles\branding-zh-TW.css -&gt; E:\Tinkr\Tinkr2\4.2\TinkrApiDoc\Help\Working\Output\HtmlHelp1\styles\branding-zh-TW.css
C:\Program Files (x86)\EWSoftware\Sandcastle Help File Builder\PresentationStyles\VS2010\styles\branding.css -&gt; E:\Tinkr\Tinkr2\4.2\TinkrApiDoc\Help\Working\Output\HtmlHelp1\styles\branding.css
C:\Program Files (x86)\EWSoftware\Sandcastle Help File Builder\PresentationStyles\VS2010\icons\1_404_bullet.gif -&gt; E:\Tinkr\Tinkr2\4.2\TinkrApiDoc\Help\Working\Output\Website\icons\1_404_bullet.gif
C:\Program Files (x86)\EWSoftware\Sandcastle Help File Builder\PresentationStyles\VS2010\icons\2_404_bullet.gif -&gt; E:\Tinkr\Tinkr2\4.2\TinkrApiDoc\Help\Working\Output\Website\icons\2_404_bullet.gif
C:\Program Files (x86)\EWSoftware\Sandcastle Help File Builder\PresentationStyles\VS2010\icons\alert_caution.gif -&gt; E:\Tinkr\Tinkr2\4.2\TinkrApiDoc\Help\Working\Output\Website\icons\alert_caution.gif
C:\Program Files (x86)\EWSoftware\Sandcastle Help File Builder\PresentationStyles\VS2010\icons\alert_note.gif -&gt; E:\Tinkr\Tinkr2\4.2\TinkrApiDoc\Help\Working\Output\Website\icons\alert_note.gif
C:\Program Files (x86)\EWSoftware\Sandcastle Help File Builder\PresentationStyles\VS2010\icons\alert_security.gif -&gt; E:\Tinkr\Tinkr2\4.2\TinkrApiDoc\Help\Working\Output\Website\icons\alert_security.gif
C:\Program Files (x86)\EWSoftware\Sandcastle Help File Builder\PresentationStyles\VS2010\icons\CFW.gif -&gt; E:\Tinkr\Tinkr2\4.2\TinkrApiDoc\Help\Working\Output\Website\icons\CFW.gif
C:\Program Files (x86)\EWSoftware\Sandcastle Help File Builder\PresentationStyles\VS2010\icons\close.gif -&gt; E:\Tinkr\Tinkr2\4.2\TinkrApiDoc\Help\Working\Output\Website\icons\close.gif
C:\Program Files (x86)\EWSoftware\Sandcastle Help File Builder\PresentationStyles\VS2010\icons\favicon.ico -&gt; E:\Tinkr\Tinkr2\4.2\TinkrApiDoc\Help\Working\Output\Website\icons\favicon.ico
C:\Program Files (x86)\EWSoftware\Sandcastle Help File Builder\PresentationStyles\VS2010\icons\footer_slice.gif -&gt; E:\Tinkr\Tinkr2\4.2\TinkrApiDoc\Help\Working\Output\Website\icons\footer_slice.gif
C:\Program Files (x86)\EWSoftware\Sandcastle Help File Builder\PresentationStyles\VS2010\icons\info_icon.gif -&gt; E:\Tinkr\Tinkr2\4.2\TinkrApiDoc\Help\Working\Output\Website\icons\info_icon.gif
C:\Program Files (x86)\EWSoftware\Sandcastle Help File Builder\PresentationStyles\VS2010\icons\note.gif -&gt; E:\Tinkr\Tinkr2\4.2\TinkrApiDoc\Help\Working\Output\Website\icons\note.gif
C:\Program Files (x86)\EWSoftware\Sandcastle Help File Builder\PresentationStyles\VS2010\icons\online_icon.gif -&gt; E:\Tinkr\Tinkr2\4.2\TinkrApiDoc\Help\Working\Output\Website\icons\online_icon.gif
C:\Program Files (x86)\EWSoftware\Sandcastle Help File Builder\PresentationStyles\VS2010\icons\open.gif -&gt; E:\Tinkr\Tinkr2\4.2\TinkrApiDoc\Help\Working\Output\Website\icons\open.gif
C:\Program Files (x86)\EWSoftware\Sandcastle Help File Builder\PresentationStyles\VS2010\icons\pencil.GIF -&gt; E:\Tinkr\Tinkr2\4.2\TinkrApiDoc\Help\Working\Output\Website\icons\pencil.GIF
C:\Program Files (x86)\EWSoftware\Sandcastle Help File Builder\PresentationStyles\VS2010\icons\privclass.gif -&gt; E:\Tinkr\Tinkr2\4.2\TinkrApiDoc\Help\Working\Output\Website\icons\privclass.gif
C:\Program Files (x86)\EWSoftware\Sandcastle Help File Builder\PresentationStyles\VS2010\icons\privdelegate.gif -&gt; E:\Tinkr\Tinkr2\4.2\TinkrApiDoc\Help\Working\Output\Website\icons\privdelegate.gif
C:\Program Files (x86)\EWSoftware\Sandcastle Help File Builder\PresentationStyles\VS2010\icons\privenumeration.gif -&gt; E:\Tinkr\Tinkr2\4.2\TinkrApiDoc\Help\Working\Output\Website\icons\privenumeration.gif
C:\Program Files (x86)\EWSoftware\Sandcastle Help File Builder\PresentationStyles\VS2010\icons\privevent.gif -&gt; E:\Tinkr\Tinkr2\4.2\TinkrApiDoc\Help\Working\Output\Website\icons\privevent.gif
C:\Program Files (x86)\EWSoftware\Sandcastle Help File Builder\PresentationStyles\VS2010\icons\privextension.gif -&gt; E:\Tinkr\Tinkr2\4.2\TinkrApiDoc\Help\Working\Output\Website\icons\privextension.gif
C:\Program Files (x86)\EWSoftware\Sandcastle Help File Builder\PresentationStyles\VS2010\icons\privfield.gif -&gt; E:\Tinkr\Tinkr2\4.2\TinkrApiDoc\Help\Working\Output\Website\icons\privfield.gif
C:\Program Files (x86)\EWSoftware\Sandcastle Help File Builder\PresentationStyles\VS2010\icons\privinterface.gif -&gt; E:\Tinkr\Tinkr2\4.2\TinkrApiDoc\Help\Working\Output\Website\icons\privinterface.gif
C:\Program Files (x86)\EWSoftware\Sandcastle Help File Builder\PresentationStyles\VS2010\icons\privmethod.gif -&gt; E:\Tinkr\Tinkr2\4.2\TinkrApiDoc\Help\Working\Output\Website\icons\privmethod.gif
C:\Program Files (x86)\EWSoftware\Sandcastle Help File Builder\PresentationStyles\VS2010\icons\privproperty.gif -&gt; E:\Tinkr\Tinkr2\4.2\TinkrApiDoc\Help\Working\Output\Website\icons\privproperty.gif
C:\Program Files (x86)\EWSoftware\Sandcastle Help File Builder\PresentationStyles\VS2010\icons\privstructure.gif -&gt; E:\Tinkr\Tinkr2\4.2\TinkrApiDoc\Help\Working\Output\Website\icons\privstructure.gif
C:\Program Files (x86)\EWSoftware\Sandcastle Help File Builder\PresentationStyles\VS2010\icons\protclass.gif -&gt; E:\Tinkr\Tinkr2\4.2\TinkrApiDoc\Help\Working\Output\Website\icons\protclass.gif
C:\Program Files (x86)\EWSoftware\Sandcastle Help File Builder\PresentationStyles\VS2010\icons\protdelegate.gif -&gt; E:\Tinkr\Tinkr2\4.2\TinkrApiDoc\Help\Working\Output\Website\icons\protdelegate.gif
C:\Program Files (x86)\EWSoftware\Sandcastle Help File Builder\PresentationStyles\VS2010\icons\protenumeration.gif -&gt; E:\Tinkr\Tinkr2\4.2\TinkrApiDoc\Help\Working\Output\Website\icons\protenumeration.gif
C:\Program Files (x86)\EWSoftware\Sandcastle Help File Builder\PresentationStyles\VS2010\icons\protevent.gif -&gt; E:\Tinkr\Tinkr2\4.2\TinkrApiDoc\Help\Working\Output\Website\icons\protevent.gif
C:\Program Files (x86)\EWSoftware\Sandcastle Help File Builder\PresentationStyles\VS2010\icons\protextension.gif -&gt; E:\Tinkr\Tinkr2\4.2\TinkrApiDoc\Help\Working\Output\Website\icons\protextension.gif
C:\Program Files (x86)\EWSoftware\Sandcastle Help File Builder\PresentationStyles\VS2010\icons\protfield.gif -&gt; E:\Tinkr\Tinkr2\4.2\TinkrApiDoc\Help\Working\Output\Website\icons\protfield.gif
C:\Program Files (x86)\EWSoftware\Sandcastle Help File Builder\PresentationStyles\VS2010\icons\protinterface.gif -&gt; E:\Tinkr\Tinkr2\4.2\TinkrApiDoc\Help\Working\Output\Website\icons\protinterface.gif
C:\Program Files (x86)\EWSoftware\Sandcastle Help File Builder\PresentationStyles\VS2010\icons\protmethod.gif -&gt; E:\Tinkr\Tinkr2\4.2\TinkrApiDoc\Help\Working\Output\Website\icons\protmethod.gif
C:\Program Files (x86)\EWSoftware\Sandcastle Help File Builder\PresentationStyles\VS2010\icons\protoperator.gif -&gt; E:\Tinkr\Tinkr2\4.2\TinkrApiDoc\Help\Working\Output\Website\icons\protoperator.gif
C:\Program Files (x86)\EWSoftware\Sandcastle Help File Builder\PresentationStyles\VS2010\icons\protproperty.gif -&gt; E:\Tinkr\Tinkr2\4.2\TinkrApiDoc\Help\Working\Output\Website\icons\protproperty.gif
C:\Program Files (x86)\EWSoftware\Sandcastle Help File Builder\PresentationStyles\VS2010\icons\protstructure.gif -&gt; E:\Tinkr\Tinkr2\4.2\TinkrApiDoc\Help\Working\Output\Website\icons\protstructure.gif
C:\Program Files (x86)\EWSoftware\Sandcastle Help File Builder\PresentationStyles\VS2010\icons\pubclass.gif -&gt; E:\Tinkr\Tinkr2\4.2\TinkrApiDoc\Help\Working\Output\Website\icons\pubclass.gif
C:\Program Files (x86)\EWSoftware\Sandcastle Help File Builder\PresentationStyles\VS2010\icons\pubdelegate.gif -&gt; E:\Tinkr\Tinkr2\4.2\TinkrApiDoc\Help\Working\Output\Website\icons\pubdelegate.gif
C:\Program Files (x86)\EWSoftware\Sandcastle Help File Builder\PresentationStyles\VS2010\icons\pubenumeration.gif -&gt; E:\Tinkr\Tinkr2\4.2\TinkrApiDoc\Help\Working\Output\Website\icons\pubenumeration.gif
C:\Program Files (x86)\EWSoftware\Sandcastle Help File Builder\PresentationStyles\VS2010\icons\pubevent.gif -&gt; E:\Tinkr\Tinkr2\4.2\TinkrApiDoc\Help\Working\Output\Website\icons\pubevent.gif
C:\Program Files (x86)\EWSoftware\Sandcastle Help File Builder\PresentationStyles\VS2010\icons\pubextension.gif -&gt; E:\Tinkr\Tinkr2\4.2\TinkrApiDoc\Help\Working\Output\Website\icons\pubextension.gif
C:\Program Files (x86)\EWSoftware\Sandcastle Help File Builder\PresentationStyles\VS2010\icons\pubfield.gif -&gt; E:\Tinkr\Tinkr2\4.2\TinkrApiDoc\Help\Working\Output\Website\icons\pubfield.gif
C:\Program Files (x86)\EWSoftware\Sandcastle Help File Builder\PresentationStyles\VS2010\icons\pubinterface.gif -&gt; E:\Tinkr\Tinkr2\4.2\TinkrApiDoc\Help\Working\Output\Website\icons\pubinterface.gif
C:\Program Files (x86)\EWSoftware\Sandcastle Help File Builder\PresentationStyles\VS2010\icons\pubmethod.gif -&gt; E:\Tinkr\Tinkr2\4.2\TinkrApiDoc\Help\Working\Output\Website\icons\pubmethod.gif
C:\Program Files (x86)\EWSoftware\Sandcastle Help File Builder\PresentationStyles\VS2010\icons\puboperator.gif -&gt; E:\Tinkr\Tinkr2\4.2\TinkrApiDoc\Help\Working\Output\Website\icons\puboperator.gif
C:\Program Files (x86)\EWSoftware\Sandcastle Help File Builder\PresentationStyles\VS2010\icons\pubproperty.gif -&gt; E:\Tinkr\Tinkr2\4.2\TinkrApiDoc\Help\Working\Output\Website\icons\pubproperty.gif
C:\Program Files (x86)\EWSoftware\Sandcastle Help File Builder\PresentationStyles\VS2010\icons\pubstructure.gif -&gt; E:\Tinkr\Tinkr2\4.2\TinkrApiDoc\Help\Working\Output\Website\icons\pubstructure.gif
C:\Program Files (x86)\EWSoftware\Sandcastle Help File Builder\PresentationStyles\VS2010\icons\search.gif -&gt; E:\Tinkr\Tinkr2\4.2\TinkrApiDoc\Help\Working\Output\Website\icons\search.gif
C:\Program Files (x86)\EWSoftware\Sandcastle Help File Builder\PresentationStyles\VS2010\icons\search_bk.gif -&gt; E:\Tinkr\Tinkr2\4.2\TinkrApiDoc\Help\Working\Output\Website\icons\search_bk.gif
C:\Program Files (x86)\EWSoftware\Sandcastle Help File Builder\PresentationStyles\VS2010\icons\security.gif -&gt; E:\Tinkr\Tinkr2\4.2\TinkrApiDoc\Help\Working\Output\Website\icons\security.gif
C:\Program Files (x86)\EWSoftware\Sandcastle Help File Builder\PresentationStyles\VS2010\icons\slMobile.gif -&gt; E:\Tinkr\Tinkr2\4.2\TinkrApiDoc\Help\Working\Output\Website\icons\slMobile.gif
C:\Program Files (x86)\EWSoftware\Sandcastle Help File Builder\PresentationStyles\VS2010\icons\static.gif -&gt; E:\Tinkr\Tinkr2\4.2\TinkrApiDoc\Help\Working\Output\Website\icons\static.gif
C:\Program Files (x86)\EWSoftware\Sandcastle Help File Builder\PresentationStyles\VS2010\icons\tabLeftBG.gif -&gt; E:\Tinkr\Tinkr2\4.2\TinkrApiDoc\Help\Working\Output\Website\icons\tabLeftBG.gif
C:\Program Files (x86)\EWSoftware\Sandcastle Help File Builder\PresentationStyles\VS2010\icons\tabRightBG.gif -&gt; E:\Tinkr\Tinkr2\4.2\TinkrApiDoc\Help\Working\Output\Website\icons\tabRightBG.gif
C:\Program Files (x86)\EWSoftware\Sandcastle Help File Builder\PresentationStyles\VS2010\icons\ui_om_collapse.gif -&gt; E:\Tinkr\Tinkr2\4.2\TinkrApiDoc\Help\Working\Output\Website\icons\ui_om_collapse.gif
C:\Program Files (x86)\EWSoftware\Sandcastle Help File Builder\PresentationStyles\VS2010\icons\ui_om_expand.gif -&gt; E:\Tinkr\Tinkr2\4.2\TinkrApiDoc\Help\Working\Output\Website\icons\ui_om_expand.gif
C:\Program Files (x86)\EWSoftware\Sandcastle Help File Builder\PresentationStyles\VS2010\icons\xna.gif -&gt; E:\Tinkr\Tinkr2\4.2\TinkrApiDoc\Help\Working\Output\Website\icons\xna.gif
C:\Program Files (x86)\EWSoftware\Sandcastle Help File Builder\PresentationStyles\VS2010\scripts\branding.js -&gt; E:\Tinkr\Tinkr2\4.2\TinkrApiDoc\Help\Working\Output\Website\scripts\branding.js
C:\Program Files (x86)\EWSoftware\Sandcastle Help File Builder\PresentationStyles\VS2010\styles\branding-cs-CZ.css -&gt; E:\Tinkr\Tinkr2\4.2\TinkrApiDoc\Help\Working\Output\Website\styles\branding-cs-CZ.css
C:\Program Files (x86)\EWSoftware\Sandcastle Help File Builder\PresentationStyles\VS2010\styles\branding-de-DE.css -&gt; E:\Tinkr\Tinkr2\4.2\TinkrApiDoc\Help\Working\Output\Website\styles\branding-de-DE.css
C:\Program Files (x86)\EWSoftware\Sandcastle Help File Builder\PresentationStyles\VS2010\styles\branding-en-US.css -&gt; E:\Tinkr\Tinkr2\4.2\TinkrApiDoc\Help\Working\Output\Website\styles\branding-en-US.css
C:\Program Files (x86)\EWSoftware\Sandcastle Help File Builder\PresentationStyles\VS2010\styles\branding-es-ES.css -&gt; E:\Tinkr\Tinkr2\4.2\TinkrApiDoc\Help\Working\Output\Website\styles\branding-es-ES.css
C:\Program Files (x86)\EWSoftware\Sandcastle Help File Builder\PresentationStyles\VS2010\styles\branding-fr-FR.css -&gt; E:\Tinkr\Tinkr2\4.2\TinkrApiDoc\Help\Working\Output\Website\styles\branding-fr-FR.css
C:\Program Files (x86)\EWSoftware\Sandcastle Help File Builder\PresentationStyles\VS2010\styles\branding-it-IT.css -&gt; E:\Tinkr\Tinkr2\4.2\TinkrApiDoc\Help\Working\Output\Website\styles\branding-it-IT.css
C:\Program Files (x86)\EWSoftware\Sandcastle Help File Builder\PresentationStyles\VS2010\styles\branding-ja-JP.css -&gt; E:\Tinkr\Tinkr2\4.2\TinkrApiDoc\Help\Working\Output\Website\styles\branding-ja-JP.css
C:\Program Files (x86)\EWSoftware\Sandcastle Help File Builder\PresentationStyles\VS2010\styles\branding-ko-KR.css -&gt; E:\Tinkr\Tinkr2\4.2\TinkrApiDoc\Help\Working\Output\Website\styles\branding-ko-KR.css
C:\Program Files (x86)\EWSoftware\Sandcastle Help File Builder\PresentationStyles\VS2010\styles\branding-pl-PL.css -&gt; E:\Tinkr\Tinkr2\4.2\TinkrApiDoc\Help\Working\Output\Website\styles\branding-pl-PL.css
C:\Program Files (x86)\EWSoftware\Sandcastle Help File Builder\PresentationStyles\VS2010\styles\branding-pt-BR.css -&gt; E:\Tinkr\Tinkr2\4.2\TinkrApiDoc\Help\Working\Output\Website\styles\branding-pt-BR.css
C:\Program Files (x86)\EWSoftware\Sandcastle Help File Builder\PresentationStyles\VS2010\styles\branding-ru-RU.css -&gt; E:\Tinkr\Tinkr2\4.2\TinkrApiDoc\Help\Working\Output\Website\styles\branding-ru-RU.css
C:\Program Files (x86)\EWSoftware\Sandcastle Help File Builder\PresentationStyles\VS2010\styles\branding-tr-TR.css -&gt; E:\Tinkr\Tinkr2\4.2\TinkrApiDoc\Help\Working\Output\Website\styles\branding-tr-TR.css
C:\Program Files (x86)\EWSoftware\Sandcastle Help File Builder\PresentationStyles\VS2010\styles\branding-zh-CN.css -&gt; E:\Tinkr\Tinkr2\4.2\TinkrApiDoc\Help\Working\Output\Website\styles\branding-zh-CN.css
C:\Program Files (x86)\EWSoftware\Sandcastle Help File Builder\PresentationStyles\VS2010\styles\branding-zh-TW.css -&gt; E:\Tinkr\Tinkr2\4.2\TinkrApiDoc\Help\Working\Output\Website\styles\branding-zh-TW.css
C:\Program Files (x86)\EWSoftware\Sandcastle Help File Builder\PresentationStyles\VS2010\styles\branding.css -&gt; E:\Tinkr\Tinkr2\4.2\TinkrApiDoc\Help\Working\Output\Website\styles\branding.css
C:\Program Files (x86)\EWSoftware\Sandcastle Help File Builder\\Web\CloseSearch.png -&gt; E:\Tinkr\Tinkr2\4.2\TinkrApiDoc\Help\Working\Output\Website\.\CloseSearch.png
C:\Program Files (x86)\EWSoftware\Sandcastle Help File Builder\\Web\CollapseAll.png -&gt; E:\Tinkr\Tinkr2\4.2\TinkrApiDoc\Help\Working\Output\Website\.\CollapseAll.png
C:\Program Files (x86)\EWSoftware\Sandcastle Help File Builder\\Web\Collapsed.gif -&gt; E:\Tinkr\Tinkr2\4.2\TinkrApiDoc\Help\Working\Output\Website\.\Collapsed.gif
C:\Program Files (x86)\EWSoftware\Sandcastle Help File Builder\\Web\Expanded.gif -&gt; E:\Tinkr\Tinkr2\4.2\TinkrApiDoc\Help\Working\Output\Website\.\Expanded.gif
C:\Program Files (x86)\EWSoftware\Sandcastle Help File Builder\\Web\favicon.ico -&gt; E:\Tinkr\Tinkr2\4.2\TinkrApiDoc\Help\Working\Output\Website\.\favicon.ico
C:\Program Files (x86)\EWSoftware\Sandcastle Help File Builder\\Web\FillNode.aspx -&gt; E:\Tinkr\Tinkr2\4.2\TinkrApiDoc\Help\Working\Output\Website\.\FillNode.aspx
C:\Program Files (x86)\EWSoftware\Sandcastle Help File Builder\\Web\FillNode.php -&gt; E:\Tinkr\Tinkr2\4.2\TinkrApiDoc\Help\Working\Output\Website\.\FillNode.php
C:\Program Files (x86)\EWSoftware\Sandcastle Help File Builder\\Web\Index.aspx -&gt; E:\Tinkr\Tinkr2\4.2\TinkrApiDoc\Help\Working\Output\Website\.\Index.aspx
C:\Program Files (x86)\EWSoftware\Sandcastle Help File Builder\\Web\Index.gif -&gt; E:\Tinkr\Tinkr2\4.2\TinkrApiDoc\Help\Working\Output\Website\.\Index.gif
C:\Program Files (x86)\EWSoftware\Sandcastle Help File Builder\\Web\index.html -&gt; E:\Tinkr\Tinkr2\4.2\TinkrApiDoc\Help\Working\Output\Website\.\index.html
C:\Program Files (x86)\EWSoftware\Sandcastle Help File Builder\\Web\index.php -&gt; E:\Tinkr\Tinkr2\4.2\TinkrApiDoc\Help\Working\Output\Website\.\index.php
C:\Program Files (x86)\EWSoftware\Sandcastle Help File Builder\\Web\Item.gif -&gt; E:\Tinkr\Tinkr2\4.2\TinkrApiDoc\Help\Working\Output\Website\.\Item.gif
C:\Program Files (x86)\EWSoftware\Sandcastle Help File Builder\\Web\LoadIndexKeywords.aspx -&gt; E:\Tinkr\Tinkr2\4.2\TinkrApiDoc\Help\Working\Output\Website\.\LoadIndexKeywords.aspx
C:\Program Files (x86)\EWSoftware\Sandcastle Help File Builder\\Web\LoadIndexKeywords.php -&gt; E:\Tinkr\Tinkr2\4.2\TinkrApiDoc\Help\Working\Output\Website\.\LoadIndexKeywords.php
C:\Program Files (x86)\EWSoftware\Sandcastle Help File Builder\\Web\Search.gif -&gt; E:\Tinkr\Tinkr2\4.2\TinkrApiDoc\Help\Working\Output\Website\.\Search.gif
C:\Program Files (x86)\EWSoftware\Sandcastle Help File Builder\\Web\SearchHelp.aspx -&gt; E:\Tinkr\Tinkr2\4.2\TinkrApiDoc\Help\Working\Output\Website\.\SearchHelp.aspx
C:\Program Files (x86)\EWSoftware\Sandcastle Help File Builder\\Web\SearchHelp.inc.php -&gt; E:\Tinkr\Tinkr2\4.2\TinkrApiDoc\Help\Working\Output\Website\.\SearchHelp.inc.php
C:\Program Files (x86)\EWSoftware\Sandcastle Help File Builder\\Web\SearchHelp.php -&gt; E:\Tinkr\Tinkr2\4.2\TinkrApiDoc\Help\Working\Output\Website\.\SearchHelp.php
C:\Program Files (x86)\EWSoftware\Sandcastle Help File Builder\\Web\Splitter.gif -&gt; E:\Tinkr\Tinkr2\4.2\TinkrApiDoc\Help\Working\Output\Website\.\Splitter.gif
C:\Program Files (x86)\EWSoftware\Sandcastle Help File Builder\\Web\SyncTOC.gif -&gt; E:\Tinkr\Tinkr2\4.2\TinkrApiDoc\Help\Working\Output\Website\.\SyncTOC.gif
C:\Program Files (x86)\EWSoftware\Sandcastle Help File Builder\\Web\TOC.css -&gt; E:\Tinkr\Tinkr2\4.2\TinkrApiDoc\Help\Working\Output\Website\.\TOC.css
C:\Program Files (x86)\EWSoftware\Sandcastle Help File Builder\\Web\TOC.js -&gt; E:\Tinkr\Tinkr2\4.2\TinkrApiDoc\Help\Working\Output\Website\.\TOC.js
C:\Program Files (x86)\EWSoftware\Sandcastle Help File Builder\\Web\Web.Config -&gt; E:\Tinkr\Tinkr2\4.2\TinkrApiDoc\Help\Working\Output\Website\.\Web.Config
    Last step completed in 00:00:00.8230
</buildStep>
<buildStep step="GenerateHelpFormatTableOfContents">
Generating HTML Help 1 table of contents file...
    Last step completed in 00:00:00.0000
</buildStep>
<buildStep step="GenerateHelpFileIndex">
Generating HTML Help 1 index file...
    Last step completed in 00:00:00.0010
</buildStep>
<buildStep step="GenerateHelpProject">
Generating HTML Help 1 project file...
    Last step completed in 00:00:00.0110
</buildStep>
<buildStep step="CompilingHelpFile">
Compiling HTML Help 1 file...
[C:\Windows\Microsoft.NET\Framework\v4.0.30319\MSBuild.exe]
  Microsoft HTML Help Compiler 4.74.8702
  
  
  
  Compiling e:\Tinkr\Tinkr2\4.2\TinkrApiDoc\Help\Working\Output\HtmlHelp1\TinkrApiDoc.chm
  
  
  
  
  
  Compile time: 0 minutes, 6 seconds
  
  554	Topics
  
  6,708	Local links
  
  934	Internet links
  
  0	Graphics
  
  
  
  
  
  Created e:\Tinkr\Tinkr2\4.2\TinkrApiDoc\Help\Working\Output\HtmlHelp1\TinkrApiDoc.chm, 760,669 bytes
  
  Compression decreased file by 4,707,979 bytes.
  
    Last step completed in 00:00:07.4384
</buildStep>
<buildStep step="GenerateHelpFormatTableOfContents">
Generating website table of contents file...
    Last step completed in 00:00:00.0000
</buildStep>
<buildStep step="GenerateFullTextIndex">
Generating full-text index for the website...

    Last step completed in 00:00:01.6321
</buildStep>
<buildStep step="CopyingWebsiteFiles">
Copying website files to output folder...

Copied 100 files
Copied 200 files
Copied 300 files
Copied 400 files
Copied 500 files
Copied 600 files
Copied 674 files for the website content
    Last step completed in 00:00:00.4790
</buildStep>
<buildStep step="CleanIntermediates">
Removing intermediate files...
    Last step completed in 00:00:00.6970
</buildStep>
<buildStep step="Completed">

Build completed successfully at 03.17.2014 04:13 .  Total time: 00:00:36,9412

</buildStep>
</shfbBuild>
